\BOOKMARK [0][-]{chapter.1}{\376\377\0001\000\040\000M\000S\000D\000S\000c\000r\000i\000p\000t}{}% 1
\BOOKMARK [0][-]{chapter.2}{\376\377\0002\000\040\000H\000i\000e\000r\000a\000r\000c\000h\000i\000c\000a\000l\000\040\000I\000n\000d\000e\000x}{}% 2
\BOOKMARK [1][-]{section.2.1}{\376\377\0002\000.\0001\000\040\000C\000l\000a\000s\000s\000\040\000H\000i\000e\000r\000a\000r\000c\000h\000y}{chapter.2}% 3
\BOOKMARK [0][-]{chapter.3}{\376\377\0003\000\040\000C\000l\000a\000s\000s\000\040\000I\000n\000d\000e\000x}{}% 4
\BOOKMARK [1][-]{section.3.1}{\376\377\0003\000.\0001\000\040\000C\000l\000a\000s\000s\000\040\000L\000i\000s\000t}{chapter.3}% 5
\BOOKMARK [0][-]{chapter.4}{\376\377\0004\000\040\000F\000i\000l\000e\000\040\000I\000n\000d\000e\000x}{}% 6
\BOOKMARK [1][-]{section.4.1}{\376\377\0004\000.\0001\000\040\000F\000i\000l\000e\000\040\000L\000i\000s\000t}{chapter.4}% 7
\BOOKMARK [0][-]{chapter.5}{\376\377\0005\000\040\000C\000l\000a\000s\000s\000\040\000D\000o\000c\000u\000m\000e\000n\000t\000a\000t\000i\000o\000n}{}% 8
\BOOKMARK [1][-]{section.5.1}{\376\377\0005\000.\0001\000\040\000A\000d\000d\000\040\000C\000l\000a\000s\000s\000\040\000R\000e\000f\000e\000r\000e\000n\000c\000e}{chapter.5}% 9
\BOOKMARK [2][-]{subsection.5.1.1}{\376\377\0005\000.\0001\000.\0001\000\040\000C\000o\000n\000s\000t\000r\000u\000c\000t\000o\000r\000\040\000\046\000\040\000D\000e\000s\000t\000r\000u\000c\000t\000o\000r\000\040\000D\000o\000c\000u\000m\000e\000n\000t\000a\000t\000i\000o\000n}{section.5.1}% 10
\BOOKMARK [3][-]{subsubsection.5.1.1.1}{\376\377\0005\000.\0001\000.\0001\000.\0001\000\040\000A\000d\000d\000\050\000\051}{subsection.5.1.1}% 11
\BOOKMARK [2][-]{subsection.5.1.2}{\376\377\0005\000.\0001\000.\0002\000\040\000M\000e\000m\000b\000e\000r\000\040\000F\000u\000n\000c\000t\000i\000o\000n\000\040\000D\000o\000c\000u\000m\000e\000n\000t\000a\000t\000i\000o\000n}{section.5.1}% 12
\BOOKMARK [3][-]{subsubsection.5.1.2.1}{\376\377\0005\000.\0001\000.\0002\000.\0001\000\040\000e\000q\000u\000a\000l\000s\000\050\000\051}{subsection.5.1.2}% 13
\BOOKMARK [3][-]{subsubsection.5.1.2.2}{\376\377\0005\000.\0001\000.\0002\000.\0002\000\040\000h\000a\000s\000\137\000v\000a\000r\000i\000a\000b\000l\000e\000\050\000\051}{subsection.5.1.2}% 14
\BOOKMARK [3][-]{subsubsection.5.1.2.3}{\376\377\0005\000.\0001\000.\0002\000.\0003\000\040\000i\000n\000t\000e\000r\000p\000\050\000\051}{subsection.5.1.2}% 15
\BOOKMARK [3][-]{subsubsection.5.1.2.4}{\376\377\0005\000.\0001\000.\0002\000.\0004\000\040\000p\000r\000e\000t\000t\000y\000\137\000p\000r\000i\000n\000t\000\050\000\051}{subsection.5.1.2}% 16
\BOOKMARK [3][-]{subsubsection.5.1.2.5}{\376\377\0005\000.\0001\000.\0002\000.\0005\000\040\000p\000r\000e\000t\000t\000y\000\137\000p\000r\000i\000n\000t\000\137\000d\000r\000\050\000\051}{subsection.5.1.2}% 17
\BOOKMARK [3][-]{subsubsection.5.1.2.6}{\376\377\0005\000.\0001\000.\0002\000.\0006\000\040\000p\000r\000i\000n\000t\000\050\000\051}{subsection.5.1.2}% 18
\BOOKMARK [3][-]{subsubsection.5.1.2.7}{\376\377\0005\000.\0001\000.\0002\000.\0007\000\040\000s\000u\000b\000s\000t\000\050\000\051}{subsection.5.1.2}% 19
\BOOKMARK [1][-]{section.5.2}{\376\377\0005\000.\0002\000\040\000C\000a\000t\000c\000h\000:\000:\000a\000l\000w\000a\000y\000s\000\137\000f\000a\000l\000s\000e\000<\000\040\000T\000\040\000>\000\040\000S\000t\000r\000u\000c\000t\000\040\000T\000e\000m\000p\000l\000a\000t\000e\000\040\000R\000e\000f\000e\000r\000e\000n\000c\000e}{chapter.5}% 20
\BOOKMARK [1][-]{section.5.3}{\376\377\0005\000.\0003\000\040\000C\000a\000t\000c\000h\000:\000:\000D\000e\000t\000a\000i\000l\000:\000:\000A\000p\000p\000r\000o\000x\000\040\000C\000l\000a\000s\000s\000\040\000R\000e\000f\000e\000r\000e\000n\000c\000e}{chapter.5}% 21
\BOOKMARK [1][-]{section.5.4}{\376\377\0005\000.\0004\000\040\000C\000a\000t\000c\000h\000:\000:\000M\000a\000t\000c\000h\000e\000r\000s\000:\000:\000V\000e\000c\000t\000o\000r\000:\000:\000A\000p\000p\000r\000o\000x\000M\000a\000t\000c\000h\000e\000r\000<\000\040\000T\000,\000\040\000A\000l\000l\000o\000c\000C\000o\000m\000p\000,\000\040\000A\000l\000l\000o\000c\000M\000a\000t\000c\000h\000\040\000>\000\040\000S\000t\000r\000u\000c\000t\000\040\000T\000e\000m\000p\000l\000a\000t\000e\000\040\000R\000e\000f\000e\000r\000e\000n\000c\000e}{chapter.5}% 22
\BOOKMARK [2][-]{subsection.5.4.1}{\376\377\0005\000.\0004\000.\0001\000\040\000M\000e\000m\000b\000e\000r\000\040\000F\000u\000n\000c\000t\000i\000o\000n\000\040\000D\000o\000c\000u\000m\000e\000n\000t\000a\000t\000i\000o\000n}{section.5.4}% 23
\BOOKMARK [3][-]{subsubsection.5.4.1.1}{\376\377\0005\000.\0004\000.\0001\000.\0001\000\040\000d\000e\000s\000c\000r\000i\000b\000e\000\050\000\051}{subsection.5.4.1}% 24
\BOOKMARK [1][-]{section.5.5}{\376\377\0005\000.\0005\000\040\000C\000a\000t\000c\000h\000:\000:\000G\000e\000n\000e\000r\000a\000t\000o\000r\000s\000:\000:\000a\000s\000<\000\040\000T\000\040\000>\000\040\000S\000t\000r\000u\000c\000t\000\040\000T\000e\000m\000p\000l\000a\000t\000e\000\040\000R\000e\000f\000e\000r\000e\000n\000c\000e}{chapter.5}% 25
\BOOKMARK [1][-]{section.5.6}{\376\377\0005\000.\0006\000\040\000C\000a\000t\000c\000h\000:\000:\000A\000s\000s\000e\000r\000t\000i\000o\000n\000H\000a\000n\000d\000l\000e\000r\000\040\000C\000l\000a\000s\000s\000\040\000R\000e\000f\000e\000r\000e\000n\000c\000e}{chapter.5}% 26
\BOOKMARK [1][-]{section.5.7}{\376\377\0005\000.\0007\000\040\000C\000a\000t\000c\000h\000:\000:\000A\000s\000s\000e\000r\000t\000i\000o\000n\000I\000n\000f\000o\000\040\000S\000t\000r\000u\000c\000t\000\040\000R\000e\000f\000e\000r\000e\000n\000c\000e}{chapter.5}% 27
\BOOKMARK [1][-]{section.5.8}{\376\377\0005\000.\0008\000\040\000C\000a\000t\000c\000h\000:\000:\000A\000s\000s\000e\000r\000t\000i\000o\000n\000R\000e\000a\000c\000t\000i\000o\000n\000\040\000S\000t\000r\000u\000c\000t\000\040\000R\000e\000f\000e\000r\000e\000n\000c\000e}{chapter.5}% 28
\BOOKMARK [1][-]{section.5.9}{\376\377\0005\000.\0009\000\040\000C\000a\000t\000c\000h\000:\000:\000A\000u\000t\000o\000R\000e\000g\000\040\000S\000t\000r\000u\000c\000t\000\040\000R\000e\000f\000e\000r\000e\000n\000c\000e}{chapter.5}% 29
\BOOKMARK [1][-]{section.5.10}{\376\377\0005\000.\0001\0000\000\040\000C\000a\000t\000c\000h\000:\000:\000B\000i\000n\000a\000r\000y\000E\000x\000p\000r\000<\000\040\000L\000h\000s\000T\000,\000\040\000R\000h\000s\000T\000\040\000>\000\040\000C\000l\000a\000s\000s\000\040\000T\000e\000m\000p\000l\000a\000t\000e\000\040\000R\000e\000f\000e\000r\000e\000n\000c\000e}{chapter.5}% 30
\BOOKMARK [1][-]{section.5.11}{\376\377\0005\000.\0001\0001\000\040\000C\000a\000t\000c\000h\000:\000:\000C\000a\000p\000t\000u\000r\000e\000r\000\040\000C\000l\000a\000s\000s\000\040\000R\000e\000f\000e\000r\000e\000n\000c\000e}{chapter.5}% 31
\BOOKMARK [1][-]{section.5.12}{\376\377\0005\000.\0001\0002\000\040\000C\000a\000t\000c\000h\000:\000:\000M\000a\000t\000c\000h\000e\000r\000s\000:\000:\000S\000t\000d\000S\000t\000r\000i\000n\000g\000:\000:\000C\000a\000s\000e\000d\000S\000t\000r\000i\000n\000g\000\040\000S\000t\000r\000u\000c\000t\000\040\000R\000e\000f\000e\000r\000e\000n\000c\000e}{chapter.5}% 32
\BOOKMARK [1][-]{section.5.13}{\376\377\0005\000.\0001\0003\000\040\000C\000a\000t\000c\000h\000:\000:\000C\000a\000s\000e\000S\000e\000n\000s\000i\000t\000i\000v\000e\000\040\000S\000t\000r\000u\000c\000t\000\040\000R\000e\000f\000e\000r\000e\000n\000c\000e}{chapter.5}% 33
\BOOKMARK [1][-]{section.5.14}{\376\377\0005\000.\0001\0004\000\040\000C\000a\000t\000c\000h\000\137\000g\000l\000o\000b\000a\000l\000\137\000n\000a\000m\000e\000s\000p\000a\000c\000e\000\137\000d\000u\000m\000m\000y\000\040\000S\000t\000r\000u\000c\000t\000\040\000R\000e\000f\000e\000r\000e\000n\000c\000e}{chapter.5}% 34
\BOOKMARK [1][-]{section.5.15}{\376\377\0005\000.\0001\0005\000\040\000C\000a\000t\000c\000h\000:\000:\000G\000e\000n\000e\000r\000a\000t\000o\000r\000s\000:\000:\000C\000h\000u\000n\000k\000G\000e\000n\000e\000r\000a\000t\000o\000r\000<\000\040\000T\000\040\000>\000\040\000C\000l\000a\000s\000s\000\040\000T\000e\000m\000p\000l\000a\000t\000e\000\040\000R\000e\000f\000e\000r\000e\000n\000c\000e}{chapter.5}% 35
\BOOKMARK [2][-]{subsection.5.15.1}{\376\377\0005\000.\0001\0005\000.\0001\000\040\000M\000e\000m\000b\000e\000r\000\040\000F\000u\000n\000c\000t\000i\000o\000n\000\040\000D\000o\000c\000u\000m\000e\000n\000t\000a\000t\000i\000o\000n}{section.5.15}% 36
\BOOKMARK [3][-]{subsubsection.5.15.1.1}{\376\377\0005\000.\0001\0005\000.\0001\000.\0001\000\040\000g\000e\000t\000\050\000\051}{subsection.5.15.1}% 37
\BOOKMARK [3][-]{subsubsection.5.15.1.2}{\376\377\0005\000.\0001\0005\000.\0001\000.\0002\000\040\000n\000e\000x\000t\000\050\000\051}{subsection.5.15.1}% 38
\BOOKMARK [1][-]{section.5.16}{\376\377\0005\000.\0001\0006\000\040\000C\000a\000t\000c\000h\000:\000:\000M\000a\000t\000c\000h\000e\000r\000s\000:\000:\000V\000e\000c\000t\000o\000r\000:\000:\000C\000o\000n\000t\000a\000i\000n\000s\000E\000l\000e\000m\000e\000n\000t\000M\000a\000t\000c\000h\000e\000r\000<\000\040\000T\000,\000\040\000A\000l\000l\000o\000c\000\040\000>\000\040\000S\000t\000r\000u\000c\000t\000\040\000T\000e\000m\000p\000l\000a\000t\000e\000\040\000R\000e\000f\000e\000r\000e\000n\000c\000e}{chapter.5}% 39
\BOOKMARK [2][-]{subsection.5.16.1}{\376\377\0005\000.\0001\0006\000.\0001\000\040\000M\000e\000m\000b\000e\000r\000\040\000F\000u\000n\000c\000t\000i\000o\000n\000\040\000D\000o\000c\000u\000m\000e\000n\000t\000a\000t\000i\000o\000n}{section.5.16}% 40
\BOOKMARK [3][-]{subsubsection.5.16.1.1}{\376\377\0005\000.\0001\0006\000.\0001\000.\0001\000\040\000d\000e\000s\000c\000r\000i\000b\000e\000\050\000\051}{subsection.5.16.1}% 41
\BOOKMARK [1][-]{section.5.17}{\376\377\0005\000.\0001\0007\000\040\000C\000a\000t\000c\000h\000:\000:\000M\000a\000t\000c\000h\000e\000r\000s\000:\000:\000S\000t\000d\000S\000t\000r\000i\000n\000g\000:\000:\000C\000o\000n\000t\000a\000i\000n\000s\000M\000a\000t\000c\000h\000e\000r\000\040\000S\000t\000r\000u\000c\000t\000\040\000R\000e\000f\000e\000r\000e\000n\000c\000e}{chapter.5}% 42
\BOOKMARK [1][-]{section.5.18}{\376\377\0005\000.\0001\0008\000\040\000C\000a\000t\000c\000h\000:\000:\000M\000a\000t\000c\000h\000e\000r\000s\000:\000:\000V\000e\000c\000t\000o\000r\000:\000:\000C\000o\000n\000t\000a\000i\000n\000s\000M\000a\000t\000c\000h\000e\000r\000<\000\040\000T\000,\000\040\000A\000l\000l\000o\000c\000C\000o\000m\000p\000,\000\040\000A\000l\000l\000o\000c\000M\000a\000t\000c\000h\000\040\000>\000\040\000S\000t\000r\000u\000c\000t\000\040\000T\000e\000m\000p\000l\000a\000t\000e\000\040\000R\000e\000f\000e\000r\000e\000n\000c\000e}{chapter.5}% 43
\BOOKMARK [2][-]{subsection.5.18.1}{\376\377\0005\000.\0001\0008\000.\0001\000\040\000M\000e\000m\000b\000e\000r\000\040\000F\000u\000n\000c\000t\000i\000o\000n\000\040\000D\000o\000c\000u\000m\000e\000n\000t\000a\000t\000i\000o\000n}{section.5.18}% 44
\BOOKMARK [3][-]{subsubsection.5.18.1.1}{\376\377\0005\000.\0001\0008\000.\0001\000.\0001\000\040\000d\000e\000s\000c\000r\000i\000b\000e\000\050\000\051}{subsection.5.18.1}% 45
\BOOKMARK [1][-]{section.5.19}{\376\377\0005\000.\0001\0009\000\040\000C\000a\000t\000c\000h\000:\000:\000C\000o\000u\000n\000t\000s\000\040\000S\000t\000r\000u\000c\000t\000\040\000R\000e\000f\000e\000r\000e\000n\000c\000e}{chapter.5}% 46
\BOOKMARK [1][-]{section.5.20}{\376\377\0005\000.\0002\0000\000\040\000C\000a\000t\000c\000h\000:\000:\000D\000e\000c\000o\000m\000p\000o\000s\000e\000r\000\040\000S\000t\000r\000u\000c\000t\000\040\000R\000e\000f\000e\000r\000e\000n\000c\000e}{chapter.5}% 47
\BOOKMARK [1][-]{section.5.21}{\376\377\0005\000.\0002\0001\000\040\000C\000a\000t\000c\000h\000:\000:\000M\000a\000t\000c\000h\000e\000r\000s\000:\000:\000S\000t\000d\000S\000t\000r\000i\000n\000g\000:\000:\000E\000n\000d\000s\000W\000i\000t\000h\000M\000a\000t\000c\000h\000e\000r\000\040\000S\000t\000r\000u\000c\000t\000\040\000R\000e\000f\000e\000r\000e\000n\000c\000e}{chapter.5}% 48
\BOOKMARK [1][-]{section.5.22}{\376\377\0005\000.\0002\0002\000\040\000C\000a\000t\000c\000h\000:\000:\000D\000e\000t\000a\000i\000l\000:\000:\000E\000n\000u\000m\000I\000n\000f\000o\000\040\000S\000t\000r\000u\000c\000t\000\040\000R\000e\000f\000e\000r\000e\000n\000c\000e}{chapter.5}% 49
\BOOKMARK [1][-]{section.5.23}{\376\377\0005\000.\0002\0003\000\040\000C\000a\000t\000c\000h\000:\000:\000M\000a\000t\000c\000h\000e\000r\000s\000:\000:\000S\000t\000d\000S\000t\000r\000i\000n\000g\000:\000:\000E\000q\000u\000a\000l\000s\000M\000a\000t\000c\000h\000e\000r\000\040\000S\000t\000r\000u\000c\000t\000\040\000R\000e\000f\000e\000r\000e\000n\000c\000e}{chapter.5}% 50
\BOOKMARK [1][-]{section.5.24}{\376\377\0005\000.\0002\0004\000\040\000C\000a\000t\000c\000h\000:\000:\000M\000a\000t\000c\000h\000e\000r\000s\000:\000:\000V\000e\000c\000t\000o\000r\000:\000:\000E\000q\000u\000a\000l\000s\000M\000a\000t\000c\000h\000e\000r\000<\000\040\000T\000,\000\040\000A\000l\000l\000o\000c\000C\000o\000m\000p\000,\000\040\000A\000l\000l\000o\000c\000M\000a\000t\000c\000h\000\040\000>\000\040\000S\000t\000r\000u\000c\000t\000\040\000T\000e\000m\000p\000l\000a\000t\000e\000\040\000R\000e\000f\000e\000r\000e\000n\000c\000e}{chapter.5}% 51
\BOOKMARK [2][-]{subsection.5.24.1}{\376\377\0005\000.\0002\0004\000.\0001\000\040\000M\000e\000m\000b\000e\000r\000\040\000F\000u\000n\000c\000t\000i\000o\000n\000\040\000D\000o\000c\000u\000m\000e\000n\000t\000a\000t\000i\000o\000n}{section.5.24}% 52
\BOOKMARK [3][-]{subsubsection.5.24.1.1}{\376\377\0005\000.\0002\0004\000.\0001\000.\0001\000\040\000d\000e\000s\000c\000r\000i\000b\000e\000\050\000\051}{subsection.5.24.1}% 53
\BOOKMARK [1][-]{section.5.25}{\376\377\0005\000.\0002\0005\000\040\000C\000a\000t\000c\000h\000:\000:\000M\000a\000t\000c\000h\000e\000r\000s\000:\000:\000E\000x\000c\000e\000p\000t\000i\000o\000n\000:\000:\000E\000x\000c\000e\000p\000t\000i\000o\000n\000M\000e\000s\000s\000a\000g\000e\000M\000a\000t\000c\000h\000e\000r\000\040\000C\000l\000a\000s\000s\000\040\000R\000e\000f\000e\000r\000e\000n\000c\000e}{chapter.5}% 54
\BOOKMARK [2][-]{subsection.5.25.1}{\376\377\0005\000.\0002\0005\000.\0001\000\040\000M\000e\000m\000b\000e\000r\000\040\000F\000u\000n\000c\000t\000i\000o\000n\000\040\000D\000o\000c\000u\000m\000e\000n\000t\000a\000t\000i\000o\000n}{section.5.25}% 55
\BOOKMARK [3][-]{subsubsection.5.25.1.1}{\376\377\0005\000.\0002\0005\000.\0001\000.\0001\000\040\000d\000e\000s\000c\000r\000i\000b\000e\000\050\000\051}{subsection.5.25.1}% 56
\BOOKMARK [1][-]{section.5.26}{\376\377\0005\000.\0002\0006\000\040\000C\000a\000t\000c\000h\000:\000:\000E\000x\000c\000e\000p\000t\000i\000o\000n\000T\000r\000a\000n\000s\000l\000a\000t\000o\000r\000R\000e\000g\000i\000s\000t\000r\000a\000r\000\040\000C\000l\000a\000s\000s\000\040\000R\000e\000f\000e\000r\000e\000n\000c\000e}{chapter.5}% 57
\BOOKMARK [1][-]{section.5.27}{\376\377\0005\000.\0002\0007\000\040\000E\000x\000p\000r\000\040\000C\000l\000a\000s\000s\000\040\000R\000e\000f\000e\000r\000e\000n\000c\000e}{chapter.5}% 58
\BOOKMARK [1][-]{section.5.28}{\376\377\0005\000.\0002\0008\000\040\000C\000a\000t\000c\000h\000:\000:\000E\000x\000p\000r\000L\000h\000s\000<\000\040\000L\000h\000s\000T\000\040\000>\000\040\000C\000l\000a\000s\000s\000\040\000T\000e\000m\000p\000l\000a\000t\000e\000\040\000R\000e\000f\000e\000r\000e\000n\000c\000e}{chapter.5}% 59
\BOOKMARK [1][-]{section.5.29}{\376\377\0005\000.\0002\0009\000\040\000C\000a\000t\000c\000h\000:\000:\000G\000e\000n\000e\000r\000a\000t\000o\000r\000s\000:\000:\000F\000i\000l\000t\000e\000r\000G\000e\000n\000e\000r\000a\000t\000o\000r\000<\000\040\000T\000,\000\040\000P\000r\000e\000d\000i\000c\000a\000t\000e\000\040\000>\000\040\000C\000l\000a\000s\000s\000\040\000T\000e\000m\000p\000l\000a\000t\000e\000\040\000R\000e\000f\000e\000r\000e\000n\000c\000e}{chapter.5}% 60
\BOOKMARK [2][-]{subsection.5.29.1}{\376\377\0005\000.\0002\0009\000.\0001\000\040\000M\000e\000m\000b\000e\000r\000\040\000F\000u\000n\000c\000t\000i\000o\000n\000\040\000D\000o\000c\000u\000m\000e\000n\000t\000a\000t\000i\000o\000n}{section.5.29}% 61
\BOOKMARK [3][-]{subsubsection.5.29.1.1}{\376\377\0005\000.\0002\0009\000.\0001\000.\0001\000\040\000g\000e\000t\000\050\000\051}{subsection.5.29.1}% 62
\BOOKMARK [3][-]{subsubsection.5.29.1.2}{\376\377\0005\000.\0002\0009\000.\0001\000.\0002\000\040\000n\000e\000x\000t\000\050\000\051}{subsection.5.29.1}% 63
\BOOKMARK [1][-]{section.5.30}{\376\377\0005\000.\0003\0000\000\040\000C\000a\000t\000c\000h\000:\000:\000G\000e\000n\000e\000r\000a\000t\000o\000r\000s\000:\000:\000F\000i\000x\000e\000d\000V\000a\000l\000u\000e\000s\000G\000e\000n\000e\000r\000a\000t\000o\000r\000<\000\040\000T\000\040\000>\000\040\000C\000l\000a\000s\000s\000\040\000T\000e\000m\000p\000l\000a\000t\000e\000\040\000R\000e\000f\000e\000r\000e\000n\000c\000e}{chapter.5}% 64
\BOOKMARK [2][-]{subsection.5.30.1}{\376\377\0005\000.\0003\0000\000.\0001\000\040\000M\000e\000m\000b\000e\000r\000\040\000F\000u\000n\000c\000t\000i\000o\000n\000\040\000D\000o\000c\000u\000m\000e\000n\000t\000a\000t\000i\000o\000n}{section.5.30}% 65
\BOOKMARK [3][-]{subsubsection.5.30.1.1}{\376\377\0005\000.\0003\0000\000.\0001\000.\0001\000\040\000g\000e\000t\000\050\000\051}{subsection.5.30.1}% 66
\BOOKMARK [3][-]{subsubsection.5.30.1.2}{\376\377\0005\000.\0003\0000\000.\0001\000.\0002\000\040\000n\000e\000x\000t\000\050\000\051}{subsection.5.30.1}% 67
\BOOKMARK [1][-]{section.5.31}{\376\377\0005\000.\0003\0001\000\040\000C\000a\000t\000c\000h\000:\000:\000G\000e\000n\000e\000r\000a\000t\000o\000r\000E\000x\000c\000e\000p\000t\000i\000o\000n\000\040\000C\000l\000a\000s\000s\000\040\000R\000e\000f\000e\000r\000e\000n\000c\000e}{chapter.5}% 68
\BOOKMARK [1][-]{section.5.32}{\376\377\0005\000.\0003\0002\000\040\000C\000a\000t\000c\000h\000:\000:\000G\000e\000n\000e\000r\000a\000t\000o\000r\000s\000:\000:\000G\000e\000n\000e\000r\000a\000t\000o\000r\000s\000<\000\040\000T\000\040\000>\000\040\000C\000l\000a\000s\000s\000\040\000T\000e\000m\000p\000l\000a\000t\000e\000\040\000R\000e\000f\000e\000r\000e\000n\000c\000e}{chapter.5}% 69
\BOOKMARK [2][-]{subsection.5.32.1}{\376\377\0005\000.\0003\0002\000.\0001\000\040\000M\000e\000m\000b\000e\000r\000\040\000F\000u\000n\000c\000t\000i\000o\000n\000\040\000D\000o\000c\000u\000m\000e\000n\000t\000a\000t\000i\000o\000n}{section.5.32}% 70
\BOOKMARK [3][-]{subsubsection.5.32.1.1}{\376\377\0005\000.\0003\0002\000.\0001\000.\0001\000\040\000g\000e\000t\000\050\000\051}{subsection.5.32.1}% 71
\BOOKMARK [3][-]{subsubsection.5.32.1.2}{\376\377\0005\000.\0003\0002\000.\0001\000.\0002\000\040\000n\000e\000x\000t\000\050\000\051}{subsection.5.32.1}% 72
\BOOKMARK [1][-]{section.5.33}{\376\377\0005\000.\0003\0003\000\040\000C\000a\000t\000c\000h\000:\000:\000G\000e\000n\000e\000r\000a\000t\000o\000r\000s\000:\000:\000G\000e\000n\000e\000r\000a\000t\000o\000r\000U\000n\000t\000y\000p\000e\000d\000B\000a\000s\000e\000\040\000C\000l\000a\000s\000s\000\040\000R\000e\000f\000e\000r\000e\000n\000c\000e}{chapter.5}% 73
\BOOKMARK [1][-]{section.5.34}{\376\377\0005\000.\0003\0004\000\040\000C\000a\000t\000c\000h\000:\000:\000G\000e\000n\000e\000r\000a\000t\000o\000r\000s\000:\000:\000G\000e\000n\000e\000r\000a\000t\000o\000r\000W\000r\000a\000p\000p\000e\000r\000<\000\040\000T\000\040\000>\000\040\000C\000l\000a\000s\000s\000\040\000T\000e\000m\000p\000l\000a\000t\000e\000\040\000R\000e\000f\000e\000r\000e\000n\000c\000e}{chapter.5}% 74
\BOOKMARK [1][-]{section.5.35}{\376\377\0005\000.\0003\0005\000\040\000C\000a\000t\000c\000h\000:\000:\000I\000C\000o\000n\000f\000i\000g\000\040\000S\000t\000r\000u\000c\000t\000\040\000R\000e\000f\000e\000r\000e\000n\000c\000e}{chapter.5}% 75
\BOOKMARK [1][-]{section.5.36}{\376\377\0005\000.\0003\0006\000\040\000C\000a\000t\000c\000h\000:\000:\000I\000C\000o\000n\000t\000e\000x\000t\000\040\000S\000t\000r\000u\000c\000t\000\040\000R\000e\000f\000e\000r\000e\000n\000c\000e}{chapter.5}% 76
\BOOKMARK [1][-]{section.5.37}{\376\377\0005\000.\0003\0007\000\040\000C\000a\000t\000c\000h\000:\000:\000I\000E\000x\000c\000e\000p\000t\000i\000o\000n\000T\000r\000a\000n\000s\000l\000a\000t\000o\000r\000\040\000S\000t\000r\000u\000c\000t\000\040\000R\000e\000f\000e\000r\000e\000n\000c\000e}{chapter.5}% 77
\BOOKMARK [1][-]{section.5.38}{\376\377\0005\000.\0003\0008\000\040\000C\000a\000t\000c\000h\000:\000:\000I\000E\000x\000c\000e\000p\000t\000i\000o\000n\000T\000r\000a\000n\000s\000l\000a\000t\000o\000r\000R\000e\000g\000i\000s\000t\000r\000y\000\040\000S\000t\000r\000u\000c\000t\000\040\000R\000e\000f\000e\000r\000e\000n\000c\000e}{chapter.5}% 78
\BOOKMARK [1][-]{section.5.39}{\376\377\0005\000.\0003\0009\000\040\000C\000a\000t\000c\000h\000:\000:\000G\000e\000n\000e\000r\000a\000t\000o\000r\000s\000:\000:\000I\000G\000e\000n\000e\000r\000a\000t\000o\000r\000<\000\040\000T\000\040\000>\000\040\000S\000t\000r\000u\000c\000t\000\040\000T\000e\000m\000p\000l\000a\000t\000e\000\040\000R\000e\000f\000e\000r\000e\000n\000c\000e}{chapter.5}% 79
\BOOKMARK [1][-]{section.5.40}{\376\377\0005\000.\0004\0000\000\040\000C\000a\000t\000c\000h\000:\000:\000I\000G\000e\000n\000e\000r\000a\000t\000o\000r\000T\000r\000a\000c\000k\000e\000r\000\040\000S\000t\000r\000u\000c\000t\000\040\000R\000e\000f\000e\000r\000e\000n\000c\000e}{chapter.5}% 80
\BOOKMARK [1][-]{section.5.41}{\376\377\0005\000.\0004\0001\000\040\000C\000a\000t\000c\000h\000:\000:\000I\000M\000u\000t\000a\000b\000l\000e\000C\000o\000n\000t\000e\000x\000t\000\040\000S\000t\000r\000u\000c\000t\000\040\000R\000e\000f\000e\000r\000e\000n\000c\000e}{chapter.5}% 81
\BOOKMARK [1][-]{section.5.42}{\376\377\0005\000.\0004\0002\000\040\000C\000a\000t\000c\000h\000:\000:\000I\000M\000u\000t\000a\000b\000l\000e\000E\000n\000u\000m\000V\000a\000l\000u\000e\000s\000R\000e\000g\000i\000s\000t\000r\000y\000\040\000S\000t\000r\000u\000c\000t\000\040\000R\000e\000f\000e\000r\000e\000n\000c\000e}{chapter.5}% 82
\BOOKMARK [1][-]{section.5.43}{\376\377\0005\000.\0004\0003\000\040\000C\000a\000t\000c\000h\000:\000:\000I\000M\000u\000t\000a\000b\000l\000e\000R\000e\000g\000i\000s\000t\000r\000y\000H\000u\000b\000\040\000S\000t\000r\000u\000c\000t\000\040\000R\000e\000f\000e\000r\000e\000n\000c\000e}{chapter.5}% 83
\BOOKMARK [1][-]{section.5.44}{\376\377\0005\000.\0004\0004\000\040\000C\000a\000t\000c\000h\000:\000:\000I\000R\000e\000g\000i\000s\000t\000r\000y\000H\000u\000b\000\040\000S\000t\000r\000u\000c\000t\000\040\000R\000e\000f\000e\000r\000e\000n\000c\000e}{chapter.5}% 84
\BOOKMARK [1][-]{section.5.45}{\376\377\0005\000.\0004\0005\000\040\000C\000a\000t\000c\000h\000:\000:\000I\000R\000e\000s\000u\000l\000t\000C\000a\000p\000t\000u\000r\000e\000\040\000S\000t\000r\000u\000c\000t\000\040\000R\000e\000f\000e\000r\000e\000n\000c\000e}{chapter.5}% 85
\BOOKMARK [1][-]{section.5.46}{\376\377\0005\000.\0004\0006\000\040\000C\000a\000t\000c\000h\000:\000:\000I\000R\000u\000n\000n\000e\000r\000\040\000S\000t\000r\000u\000c\000t\000\040\000R\000e\000f\000e\000r\000e\000n\000c\000e}{chapter.5}% 86
\BOOKMARK [1][-]{section.5.47}{\376\377\0005\000.\0004\0007\000\040\000C\000a\000t\000c\000h\000:\000:\000i\000s\000\137\000c\000a\000l\000l\000a\000b\000l\000e\000<\000\040\000T\000\040\000>\000\040\000S\000t\000r\000u\000c\000t\000\040\000T\000e\000m\000p\000l\000a\000t\000e\000\040\000R\000e\000f\000e\000r\000e\000n\000c\000e}{chapter.5}% 87
\BOOKMARK [1][-]{section.5.48}{\376\377\0005\000.\0004\0008\000\040\000C\000a\000t\000c\000h\000:\000:\000i\000s\000\137\000c\000a\000l\000l\000a\000b\000l\000e\000<\000\040\000F\000u\000n\000\050\000A\000r\000g\000s\000.\000.\000.\000\051\000>\000\040\000S\000t\000r\000u\000c\000t\000\040\000T\000e\000m\000p\000l\000a\000t\000e\000\040\000R\000e\000f\000e\000r\000e\000n\000c\000e}{chapter.5}% 88
\BOOKMARK [1][-]{section.5.49}{\376\377\0005\000.\0004\0009\000\040\000C\000a\000t\000c\000h\000:\000:\000i\000s\000\137\000c\000a\000l\000l\000a\000b\000l\000e\000\137\000t\000e\000s\000t\000e\000r\000\040\000S\000t\000r\000u\000c\000t\000\040\000R\000e\000f\000e\000r\000e\000n\000c\000e}{chapter.5}% 89
\BOOKMARK [1][-]{section.5.50}{\376\377\0005\000.\0005\0000\000\040\000C\000a\000t\000c\000h\000:\000:\000i\000s\000\137\000r\000a\000n\000g\000e\000<\000\040\000T\000\040\000>\000\040\000S\000t\000r\000u\000c\000t\000\040\000T\000e\000m\000p\000l\000a\000t\000e\000\040\000R\000e\000f\000e\000r\000e\000n\000c\000e}{chapter.5}% 90
\BOOKMARK [1][-]{section.5.51}{\376\377\0005\000.\0005\0001\000\040\000C\000a\000t\000c\000h\000:\000:\000d\000e\000t\000a\000i\000l\000:\000:\000i\000s\000\137\000r\000a\000n\000g\000e\000\137\000i\000m\000p\000l\000<\000\040\000T\000,\000\040\000t\000y\000p\000e\000n\000a\000m\000e\000\040\000>\000\040\000S\000t\000r\000u\000c\000t\000\040\000T\000e\000m\000p\000l\000a\000t\000e\000\040\000R\000e\000f\000e\000r\000e\000n\000c\000e}{chapter.5}% 91
\BOOKMARK [1][-]{section.5.52}{\376\377\0005\000.\0005\0002\000\040\000C\000a\000t\000c\000h\000:\000:\000d\000e\000t\000a\000i\000l\000:\000:\000i\000s\000\137\000r\000a\000n\000g\000e\000\137\000i\000m\000p\000l\000<\000\040\000T\000,\000\040\000t\000y\000p\000e\000n\000a\000m\000e\000\040\000v\000o\000i\000d\000\137\000t\000y\000p\000e\000<\000\040\000d\000e\000c\000l\000t\000y\000p\000e\000\050\000b\000e\000g\000i\000n\000\050\000s\000t\000d\000:\000:\000d\000e\000c\000l\000v\000a\000l\000<\000\040\000T\000\040\000>\000\050\000\051\000\051\000\051\000>\000:\000:\000t\000y\000p\000e\000\040\000>\000\040\000S\000t\000r\000u\000c\000t\000\040\000T\000e\000m\000p\000l\000a\000t\000e\000\040\000R\000e\000f\000e\000r\000e\000n\000c\000e}{chapter.5}% 92
\BOOKMARK [1][-]{section.5.53}{\376\377\0005\000.\0005\0003\000\040\000C\000a\000t\000c\000h\000:\000:\000D\000e\000t\000a\000i\000l\000:\000:\000I\000s\000S\000t\000r\000e\000a\000m\000I\000n\000s\000e\000r\000t\000a\000b\000l\000e\000<\000\040\000T\000\040\000>\000\040\000C\000l\000a\000s\000s\000\040\000T\000e\000m\000p\000l\000a\000t\000e\000\040\000R\000e\000f\000e\000r\000e\000n\000c\000e}{chapter.5}% 93
\BOOKMARK [1][-]{section.5.54}{\376\377\0005\000.\0005\0004\000\040\000C\000a\000t\000c\000h\000:\000:\000I\000S\000t\000r\000e\000a\000m\000\040\000S\000t\000r\000u\000c\000t\000\040\000R\000e\000f\000e\000r\000e\000n\000c\000e}{chapter.5}% 94
\BOOKMARK [1][-]{section.5.55}{\376\377\0005\000.\0005\0005\000\040\000C\000a\000t\000c\000h\000:\000:\000G\000e\000n\000e\000r\000a\000t\000o\000r\000s\000:\000:\000I\000t\000e\000r\000a\000t\000o\000r\000G\000e\000n\000e\000r\000a\000t\000o\000r\000<\000\040\000T\000\040\000>\000\040\000C\000l\000a\000s\000s\000\040\000T\000e\000m\000p\000l\000a\000t\000e\000\040\000R\000e\000f\000e\000r\000e\000n\000c\000e}{chapter.5}% 95
\BOOKMARK [2][-]{subsection.5.55.1}{\376\377\0005\000.\0005\0005\000.\0001\000\040\000M\000e\000m\000b\000e\000r\000\040\000F\000u\000n\000c\000t\000i\000o\000n\000\040\000D\000o\000c\000u\000m\000e\000n\000t\000a\000t\000i\000o\000n}{section.5.55}% 96
\BOOKMARK [3][-]{subsubsection.5.55.1.1}{\376\377\0005\000.\0005\0005\000.\0001\000.\0001\000\040\000g\000e\000t\000\050\000\051}{subsection.5.55.1}% 97
\BOOKMARK [3][-]{subsubsection.5.55.1.2}{\376\377\0005\000.\0005\0005\000.\0001\000.\0002\000\040\000n\000e\000x\000t\000\050\000\051}{subsection.5.55.1}% 98
\BOOKMARK [1][-]{section.5.56}{\376\377\0005\000.\0005\0006\000\040\000C\000a\000t\000c\000h\000:\000:\000I\000T\000e\000s\000t\000C\000a\000s\000e\000R\000e\000g\000i\000s\000t\000r\000y\000\040\000S\000t\000r\000u\000c\000t\000\040\000R\000e\000f\000e\000r\000e\000n\000c\000e}{chapter.5}% 99
\BOOKMARK [1][-]{section.5.57}{\376\377\0005\000.\0005\0007\000\040\000C\000a\000t\000c\000h\000:\000:\000I\000T\000e\000s\000t\000I\000n\000v\000o\000k\000e\000r\000\040\000S\000t\000r\000u\000c\000t\000\040\000R\000e\000f\000e\000r\000e\000n\000c\000e}{chapter.5}% 100
\BOOKMARK [1][-]{section.5.58}{\376\377\0005\000.\0005\0008\000\040\000C\000a\000t\000c\000h\000:\000:\000I\000T\000r\000a\000n\000s\000i\000e\000n\000t\000E\000x\000p\000r\000e\000s\000s\000i\000o\000n\000\040\000S\000t\000r\000u\000c\000t\000\040\000R\000e\000f\000e\000r\000e\000n\000c\000e}{chapter.5}% 101
\BOOKMARK [1][-]{section.5.59}{\376\377\0005\000.\0005\0009\000\040\000C\000a\000t\000c\000h\000:\000:\000L\000a\000z\000y\000E\000x\000p\000r\000e\000s\000s\000i\000o\000n\000\040\000C\000l\000a\000s\000s\000\040\000R\000e\000f\000e\000r\000e\000n\000c\000e}{chapter.5}% 102
\BOOKMARK [1][-]{section.5.60}{\376\377\0005\000.\0006\0000\000\040\000C\000a\000t\000c\000h\000:\000:\000G\000e\000n\000e\000r\000a\000t\000o\000r\000s\000:\000:\000M\000a\000p\000G\000e\000n\000e\000r\000a\000t\000o\000r\000<\000\040\000T\000,\000\040\000U\000,\000\040\000F\000u\000n\000c\000\040\000>\000\040\000C\000l\000a\000s\000s\000\040\000T\000e\000m\000p\000l\000a\000t\000e\000\040\000R\000e\000f\000e\000r\000e\000n\000c\000e}{chapter.5}% 103
\BOOKMARK [2][-]{subsection.5.60.1}{\376\377\0005\000.\0006\0000\000.\0001\000\040\000M\000e\000m\000b\000e\000r\000\040\000F\000u\000n\000c\000t\000i\000o\000n\000\040\000D\000o\000c\000u\000m\000e\000n\000t\000a\000t\000i\000o\000n}{section.5.60}% 104
\BOOKMARK [3][-]{subsubsection.5.60.1.1}{\376\377\0005\000.\0006\0000\000.\0001\000.\0001\000\040\000g\000e\000t\000\050\000\051}{subsection.5.60.1}% 105
\BOOKMARK [3][-]{subsubsection.5.60.1.2}{\376\377\0005\000.\0006\0000\000.\0001\000.\0002\000\040\000n\000e\000x\000t\000\050\000\051}{subsection.5.60.1}% 106
\BOOKMARK [1][-]{section.5.61}{\376\377\0005\000.\0006\0001\000\040\000C\000a\000t\000c\000h\000:\000:\000M\000a\000t\000c\000h\000e\000r\000s\000:\000:\000I\000m\000p\000l\000:\000:\000M\000a\000t\000c\000h\000A\000l\000l\000O\000f\000<\000\040\000A\000r\000g\000T\000\040\000>\000\040\000S\000t\000r\000u\000c\000t\000\040\000T\000e\000m\000p\000l\000a\000t\000e\000\040\000R\000e\000f\000e\000r\000e\000n\000c\000e}{chapter.5}% 107
\BOOKMARK [2][-]{subsection.5.61.1}{\376\377\0005\000.\0006\0001\000.\0001\000\040\000M\000e\000m\000b\000e\000r\000\040\000F\000u\000n\000c\000t\000i\000o\000n\000\040\000D\000o\000c\000u\000m\000e\000n\000t\000a\000t\000i\000o\000n}{section.5.61}% 108
\BOOKMARK [3][-]{subsubsection.5.61.1.1}{\376\377\0005\000.\0006\0001\000.\0001\000.\0001\000\040\000d\000e\000s\000c\000r\000i\000b\000e\000\050\000\051}{subsection.5.61.1}% 109
\BOOKMARK [1][-]{section.5.62}{\376\377\0005\000.\0006\0002\000\040\000C\000a\000t\000c\000h\000:\000:\000M\000a\000t\000c\000h\000e\000r\000s\000:\000:\000I\000m\000p\000l\000:\000:\000M\000a\000t\000c\000h\000A\000n\000y\000O\000f\000<\000\040\000A\000r\000g\000T\000\040\000>\000\040\000S\000t\000r\000u\000c\000t\000\040\000T\000e\000m\000p\000l\000a\000t\000e\000\040\000R\000e\000f\000e\000r\000e\000n\000c\000e}{chapter.5}% 110
\BOOKMARK [2][-]{subsection.5.62.1}{\376\377\0005\000.\0006\0002\000.\0001\000\040\000M\000e\000m\000b\000e\000r\000\040\000F\000u\000n\000c\000t\000i\000o\000n\000\040\000D\000o\000c\000u\000m\000e\000n\000t\000a\000t\000i\000o\000n}{section.5.62}% 111
\BOOKMARK [3][-]{subsubsection.5.62.1.1}{\376\377\0005\000.\0006\0002\000.\0001\000.\0001\000\040\000d\000e\000s\000c\000r\000i\000b\000e\000\050\000\051}{subsection.5.62.1}% 112
\BOOKMARK [1][-]{section.5.63}{\376\377\0005\000.\0006\0003\000\040\000C\000a\000t\000c\000h\000:\000:\000M\000a\000t\000c\000h\000e\000r\000s\000:\000:\000I\000m\000p\000l\000:\000:\000M\000a\000t\000c\000h\000e\000r\000B\000a\000s\000e\000<\000\040\000T\000\040\000>\000\040\000S\000t\000r\000u\000c\000t\000\040\000T\000e\000m\000p\000l\000a\000t\000e\000\040\000R\000e\000f\000e\000r\000e\000n\000c\000e}{chapter.5}% 113
\BOOKMARK [1][-]{section.5.64}{\376\377\0005\000.\0006\0004\000\040\000C\000a\000t\000c\000h\000:\000:\000M\000a\000t\000c\000h\000e\000r\000s\000:\000:\000I\000m\000p\000l\000:\000:\000M\000a\000t\000c\000h\000e\000r\000M\000e\000t\000h\000o\000d\000<\000\040\000O\000b\000j\000e\000c\000t\000T\000\040\000>\000\040\000S\000t\000r\000u\000c\000t\000\040\000T\000e\000m\000p\000l\000a\000t\000e\000\040\000R\000e\000f\000e\000r\000e\000n\000c\000e}{chapter.5}% 114
\BOOKMARK [1][-]{section.5.65}{\376\377\0005\000.\0006\0005\000\040\000C\000a\000t\000c\000h\000:\000:\000M\000a\000t\000c\000h\000e\000r\000s\000:\000:\000I\000m\000p\000l\000:\000:\000M\000a\000t\000c\000h\000e\000r\000U\000n\000t\000y\000p\000e\000d\000B\000a\000s\000e\000\040\000C\000l\000a\000s\000s\000\040\000R\000e\000f\000e\000r\000e\000n\000c\000e}{chapter.5}% 115
\BOOKMARK [1][-]{section.5.66}{\376\377\0005\000.\0006\0006\000\040\000C\000a\000t\000c\000h\000:\000:\000M\000a\000t\000c\000h\000E\000x\000p\000r\000<\000\040\000A\000r\000g\000T\000,\000\040\000M\000a\000t\000c\000h\000e\000r\000T\000\040\000>\000\040\000C\000l\000a\000s\000s\000\040\000T\000e\000m\000p\000l\000a\000t\000e\000\040\000R\000e\000f\000e\000r\000e\000n\000c\000e}{chapter.5}% 116
\BOOKMARK [2][-]{subsection.5.66.1}{\376\377\0005\000.\0006\0006\000.\0001\000\040\000M\000e\000m\000b\000e\000r\000\040\000F\000u\000n\000c\000t\000i\000o\000n\000\040\000D\000o\000c\000u\000m\000e\000n\000t\000a\000t\000i\000o\000n}{section.5.66}% 117
\BOOKMARK [3][-]{subsubsection.5.66.1.1}{\376\377\0005\000.\0006\0006\000.\0001\000.\0001\000\040\000s\000t\000r\000e\000a\000m\000R\000e\000c\000o\000n\000s\000t\000r\000u\000c\000t\000e\000d\000E\000x\000p\000r\000e\000s\000s\000i\000o\000n\000\050\000\051}{subsection.5.66.1}% 118
\BOOKMARK [1][-]{section.5.67}{\376\377\0005\000.\0006\0007\000\040\000C\000a\000t\000c\000h\000:\000:\000M\000a\000t\000c\000h\000e\000r\000s\000:\000:\000I\000m\000p\000l\000:\000:\000M\000a\000t\000c\000h\000N\000o\000t\000O\000f\000<\000\040\000A\000r\000g\000T\000\040\000>\000\040\000S\000t\000r\000u\000c\000t\000\040\000T\000e\000m\000p\000l\000a\000t\000e\000\040\000R\000e\000f\000e\000r\000e\000n\000c\000e}{chapter.5}% 119
\BOOKMARK [2][-]{subsection.5.67.1}{\376\377\0005\000.\0006\0007\000.\0001\000\040\000M\000e\000m\000b\000e\000r\000\040\000F\000u\000n\000c\000t\000i\000o\000n\000\040\000D\000o\000c\000u\000m\000e\000n\000t\000a\000t\000i\000o\000n}{section.5.67}% 120
\BOOKMARK [3][-]{subsubsection.5.67.1.1}{\376\377\0005\000.\0006\0007\000.\0001\000.\0001\000\040\000d\000e\000s\000c\000r\000i\000b\000e\000\050\000\051}{subsection.5.67.1}% 121
\BOOKMARK [1][-]{section.5.68}{\376\377\0005\000.\0006\0008\000\040\000C\000a\000t\000c\000h\000:\000:\000M\000e\000s\000s\000a\000g\000e\000B\000u\000i\000l\000d\000e\000r\000\040\000S\000t\000r\000u\000c\000t\000\040\000R\000e\000f\000e\000r\000e\000n\000c\000e}{chapter.5}% 122
\BOOKMARK [1][-]{section.5.69}{\376\377\0005\000.\0006\0009\000\040\000C\000a\000t\000c\000h\000:\000:\000M\000e\000s\000s\000a\000g\000e\000I\000n\000f\000o\000\040\000S\000t\000r\000u\000c\000t\000\040\000R\000e\000f\000e\000r\000e\000n\000c\000e}{chapter.5}% 123
\BOOKMARK [1][-]{section.5.70}{\376\377\0005\000.\0007\0000\000\040\000C\000a\000t\000c\000h\000:\000:\000M\000e\000s\000s\000a\000g\000e\000S\000t\000r\000e\000a\000m\000\040\000S\000t\000r\000u\000c\000t\000\040\000R\000e\000f\000e\000r\000e\000n\000c\000e}{chapter.5}% 124
\BOOKMARK [1][-]{section.5.71}{\376\377\0005\000.\0007\0001\000\040\000M\000u\000l\000t\000\040\000C\000l\000a\000s\000s\000\040\000R\000e\000f\000e\000r\000e\000n\000c\000e}{chapter.5}% 125
\BOOKMARK [2][-]{subsection.5.71.1}{\376\377\0005\000.\0007\0001\000.\0001\000\040\000C\000o\000n\000s\000t\000r\000u\000c\000t\000o\000r\000\040\000\046\000\040\000D\000e\000s\000t\000r\000u\000c\000t\000o\000r\000\040\000D\000o\000c\000u\000m\000e\000n\000t\000a\000t\000i\000o\000n}{section.5.71}% 126
\BOOKMARK [3][-]{subsubsection.5.71.1.1}{\376\377\0005\000.\0007\0001\000.\0001\000.\0001\000\040\000M\000u\000l\000t\000\050\000\051}{subsection.5.71.1}% 127
\BOOKMARK [2][-]{subsection.5.71.2}{\376\377\0005\000.\0007\0001\000.\0002\000\040\000M\000e\000m\000b\000e\000r\000\040\000F\000u\000n\000c\000t\000i\000o\000n\000\040\000D\000o\000c\000u\000m\000e\000n\000t\000a\000t\000i\000o\000n}{section.5.71}% 128
\BOOKMARK [3][-]{subsubsection.5.71.2.1}{\376\377\0005\000.\0007\0001\000.\0002\000.\0001\000\040\000e\000q\000u\000a\000l\000s\000\050\000\051}{subsection.5.71.2}% 129
\BOOKMARK [3][-]{subsubsection.5.71.2.2}{\376\377\0005\000.\0007\0001\000.\0002\000.\0002\000\040\000h\000a\000s\000\137\000v\000a\000r\000i\000a\000b\000l\000e\000\050\000\051}{subsection.5.71.2}% 130
\BOOKMARK [3][-]{subsubsection.5.71.2.3}{\376\377\0005\000.\0007\0001\000.\0002\000.\0003\000\040\000i\000n\000t\000e\000r\000p\000\050\000\051}{subsection.5.71.2}% 131
\BOOKMARK [3][-]{subsubsection.5.71.2.4}{\376\377\0005\000.\0007\0001\000.\0002\000.\0004\000\040\000p\000r\000e\000t\000t\000y\000\137\000p\000r\000i\000n\000t\000\050\000\051}{subsection.5.71.2}% 132
\BOOKMARK [3][-]{subsubsection.5.71.2.5}{\376\377\0005\000.\0007\0001\000.\0002\000.\0005\000\040\000p\000r\000e\000t\000t\000y\000\137\000p\000r\000i\000n\000t\000\137\000d\000r\000\050\000\051}{subsection.5.71.2}% 133
\BOOKMARK [3][-]{subsubsection.5.71.2.6}{\376\377\0005\000.\0007\0001\000.\0002\000.\0006\000\040\000p\000r\000i\000n\000t\000\050\000\051}{subsection.5.71.2}% 134
\BOOKMARK [3][-]{subsubsection.5.71.2.7}{\376\377\0005\000.\0007\0001\000.\0002\000.\0007\000\040\000s\000u\000b\000s\000t\000\050\000\051}{subsection.5.71.2}% 135
\BOOKMARK [1][-]{section.5.72}{\376\377\0005\000.\0007\0002\000\040\000C\000a\000t\000c\000h\000:\000:\000N\000a\000m\000e\000A\000n\000d\000T\000a\000g\000s\000\040\000S\000t\000r\000u\000c\000t\000\040\000R\000e\000f\000e\000r\000e\000n\000c\000e}{chapter.5}% 136
\BOOKMARK [1][-]{section.5.73}{\376\377\0005\000.\0007\0003\000\040\000C\000a\000t\000c\000h\000:\000:\000N\000o\000n\000C\000o\000p\000y\000a\000b\000l\000e\000\040\000C\000l\000a\000s\000s\000\040\000R\000e\000f\000e\000r\000e\000n\000c\000e}{chapter.5}% 137
\BOOKMARK [1][-]{section.5.74}{\376\377\0005\000.\0007\0004\000\040\000N\000u\000m\000\040\000C\000l\000a\000s\000s\000\040\000R\000e\000f\000e\000r\000e\000n\000c\000e}{chapter.5}% 138
\BOOKMARK [2][-]{subsection.5.74.1}{\376\377\0005\000.\0007\0004\000.\0001\000\040\000C\000o\000n\000s\000t\000r\000u\000c\000t\000o\000r\000\040\000\046\000\040\000D\000e\000s\000t\000r\000u\000c\000t\000o\000r\000\040\000D\000o\000c\000u\000m\000e\000n\000t\000a\000t\000i\000o\000n}{section.5.74}% 139
\BOOKMARK [3][-]{subsubsection.5.74.1.1}{\376\377\0005\000.\0007\0004\000.\0001\000.\0001\000\040\000N\000u\000m\000\050\000\051}{subsection.5.74.1}% 140
\BOOKMARK [2][-]{subsection.5.74.2}{\376\377\0005\000.\0007\0004\000.\0002\000\040\000M\000e\000m\000b\000e\000r\000\040\000F\000u\000n\000c\000t\000i\000o\000n\000\040\000D\000o\000c\000u\000m\000e\000n\000t\000a\000t\000i\000o\000n}{section.5.74}% 141
\BOOKMARK [3][-]{subsubsection.5.74.2.1}{\376\377\0005\000.\0007\0004\000.\0002\000.\0001\000\040\000e\000q\000u\000a\000l\000s\000\050\000\051}{subsection.5.74.2}% 142
\BOOKMARK [3][-]{subsubsection.5.74.2.2}{\376\377\0005\000.\0007\0004\000.\0002\000.\0002\000\040\000h\000a\000s\000\137\000v\000a\000r\000i\000a\000b\000l\000e\000\050\000\051}{subsection.5.74.2}% 143
\BOOKMARK [3][-]{subsubsection.5.74.2.3}{\376\377\0005\000.\0007\0004\000.\0002\000.\0003\000\040\000i\000n\000t\000e\000r\000p\000\050\000\051}{subsection.5.74.2}% 144
\BOOKMARK [3][-]{subsubsection.5.74.2.4}{\376\377\0005\000.\0007\0004\000.\0002\000.\0004\000\040\000p\000r\000e\000t\000t\000y\000\137\000p\000r\000i\000n\000t\000\050\000\051}{subsection.5.74.2}% 145
\BOOKMARK [3][-]{subsubsection.5.74.2.5}{\376\377\0005\000.\0007\0004\000.\0002\000.\0005\000\040\000p\000r\000e\000t\000t\000y\000\137\000p\000r\000i\000n\000t\000\137\000d\000r\000\050\000\051}{subsection.5.74.2}% 146
\BOOKMARK [3][-]{subsubsection.5.74.2.6}{\376\377\0005\000.\0007\0004\000.\0002\000.\0006\000\040\000p\000r\000i\000n\000t\000\050\000\051}{subsection.5.74.2}% 147
\BOOKMARK [3][-]{subsubsection.5.74.2.7}{\376\377\0005\000.\0007\0004\000.\0002\000.\0007\000\040\000s\000u\000b\000s\000t\000\050\000\051}{subsection.5.74.2}% 148
\BOOKMARK [1][-]{section.5.75}{\376\377\0005\000.\0007\0005\000\040\000C\000a\000t\000c\000h\000:\000:\000O\000p\000t\000i\000o\000n\000<\000\040\000T\000\040\000>\000\040\000C\000l\000a\000s\000s\000\040\000T\000e\000m\000p\000l\000a\000t\000e\000\040\000R\000e\000f\000e\000r\000e\000n\000c\000e}{chapter.5}% 149
\BOOKMARK [1][-]{section.5.76}{\376\377\0005\000.\0007\0006\000\040\000C\000a\000t\000c\000h\000:\000:\000p\000l\000u\000r\000a\000l\000i\000s\000e\000\040\000S\000t\000r\000u\000c\000t\000\040\000R\000e\000f\000e\000r\000e\000n\000c\000e}{chapter.5}% 150
\BOOKMARK [1][-]{section.5.77}{\376\377\0005\000.\0007\0007\000\040\000C\000a\000t\000c\000h\000:\000:\000M\000a\000t\000c\000h\000e\000r\000s\000:\000:\000G\000e\000n\000e\000r\000i\000c\000:\000:\000P\000r\000e\000d\000i\000c\000a\000t\000e\000M\000a\000t\000c\000h\000e\000r\000<\000\040\000T\000\040\000>\000\040\000C\000l\000a\000s\000s\000\040\000T\000e\000m\000p\000l\000a\000t\000e\000\040\000R\000e\000f\000e\000r\000e\000n\000c\000e}{chapter.5}% 151
\BOOKMARK [2][-]{subsection.5.77.1}{\376\377\0005\000.\0007\0007\000.\0001\000\040\000M\000e\000m\000b\000e\000r\000\040\000F\000u\000n\000c\000t\000i\000o\000n\000\040\000D\000o\000c\000u\000m\000e\000n\000t\000a\000t\000i\000o\000n}{section.5.77}% 152
\BOOKMARK [3][-]{subsubsection.5.77.1.1}{\376\377\0005\000.\0007\0007\000.\0001\000.\0001\000\040\000d\000e\000s\000c\000r\000i\000b\000e\000\050\000\051}{subsection.5.77.1}% 153
\BOOKMARK [3][-]{subsubsection.5.77.1.2}{\376\377\0005\000.\0007\0007\000.\0001\000.\0002\000\040\000m\000a\000t\000c\000h\000\050\000\051}{subsection.5.77.1}% 154
\BOOKMARK [1][-]{section.5.78}{\376\377\0005\000.\0007\0008\000\040\000C\000a\000t\000c\000h\000:\000:\000G\000e\000n\000e\000r\000a\000t\000o\000r\000s\000:\000:\000R\000a\000n\000d\000o\000m\000F\000l\000o\000a\000t\000i\000n\000g\000G\000e\000n\000e\000r\000a\000t\000o\000r\000<\000\040\000F\000l\000o\000a\000t\000\040\000>\000\040\000C\000l\000a\000s\000s\000\040\000T\000e\000m\000p\000l\000a\000t\000e\000\040\000R\000e\000f\000e\000r\000e\000n\000c\000e}{chapter.5}% 155
\BOOKMARK [2][-]{subsection.5.78.1}{\376\377\0005\000.\0007\0008\000.\0001\000\040\000M\000e\000m\000b\000e\000r\000\040\000F\000u\000n\000c\000t\000i\000o\000n\000\040\000D\000o\000c\000u\000m\000e\000n\000t\000a\000t\000i\000o\000n}{section.5.78}% 156
\BOOKMARK [3][-]{subsubsection.5.78.1.1}{\376\377\0005\000.\0007\0008\000.\0001\000.\0001\000\040\000g\000e\000t\000\050\000\051}{subsection.5.78.1}% 157
\BOOKMARK [3][-]{subsubsection.5.78.1.2}{\376\377\0005\000.\0007\0008\000.\0001\000.\0002\000\040\000n\000e\000x\000t\000\050\000\051}{subsection.5.78.1}% 158
\BOOKMARK [1][-]{section.5.79}{\376\377\0005\000.\0007\0009\000\040\000C\000a\000t\000c\000h\000:\000:\000G\000e\000n\000e\000r\000a\000t\000o\000r\000s\000:\000:\000R\000a\000n\000d\000o\000m\000I\000n\000t\000e\000g\000e\000r\000G\000e\000n\000e\000r\000a\000t\000o\000r\000<\000\040\000I\000n\000t\000e\000g\000e\000r\000\040\000>\000\040\000C\000l\000a\000s\000s\000\040\000T\000e\000m\000p\000l\000a\000t\000e\000\040\000R\000e\000f\000e\000r\000e\000n\000c\000e}{chapter.5}% 159
\BOOKMARK [2][-]{subsection.5.79.1}{\376\377\0005\000.\0007\0009\000.\0001\000\040\000M\000e\000m\000b\000e\000r\000\040\000F\000u\000n\000c\000t\000i\000o\000n\000\040\000D\000o\000c\000u\000m\000e\000n\000t\000a\000t\000i\000o\000n}{section.5.79}% 160
\BOOKMARK [3][-]{subsubsection.5.79.1.1}{\376\377\0005\000.\0007\0009\000.\0001\000.\0001\000\040\000g\000e\000t\000\050\000\051}{subsection.5.79.1}% 161
\BOOKMARK [3][-]{subsubsection.5.79.1.2}{\376\377\0005\000.\0007\0009\000.\0001\000.\0002\000\040\000n\000e\000x\000t\000\050\000\051}{subsection.5.79.1}% 162
\BOOKMARK [1][-]{section.5.80}{\376\377\0005\000.\0008\0000\000\040\000C\000a\000t\000c\000h\000:\000:\000G\000e\000n\000e\000r\000a\000t\000o\000r\000s\000:\000:\000R\000a\000n\000g\000e\000G\000e\000n\000e\000r\000a\000t\000o\000r\000<\000\040\000T\000\040\000>\000\040\000C\000l\000a\000s\000s\000\040\000T\000e\000m\000p\000l\000a\000t\000e\000\040\000R\000e\000f\000e\000r\000e\000n\000c\000e}{chapter.5}% 163
\BOOKMARK [2][-]{subsection.5.80.1}{\376\377\0005\000.\0008\0000\000.\0001\000\040\000M\000e\000m\000b\000e\000r\000\040\000F\000u\000n\000c\000t\000i\000o\000n\000\040\000D\000o\000c\000u\000m\000e\000n\000t\000a\000t\000i\000o\000n}{section.5.80}% 164
\BOOKMARK [3][-]{subsubsection.5.80.1.1}{\376\377\0005\000.\0008\0000\000.\0001\000.\0001\000\040\000g\000e\000t\000\050\000\051}{subsection.5.80.1}% 165
\BOOKMARK [3][-]{subsubsection.5.80.1.2}{\376\377\0005\000.\0008\0000\000.\0001\000.\0002\000\040\000n\000e\000x\000t\000\050\000\051}{subsection.5.80.1}% 166
\BOOKMARK [1][-]{section.5.81}{\376\377\0005\000.\0008\0001\000\040\000C\000a\000t\000c\000h\000:\000:\000M\000a\000t\000c\000h\000e\000r\000s\000:\000:\000S\000t\000d\000S\000t\000r\000i\000n\000g\000:\000:\000R\000e\000g\000e\000x\000M\000a\000t\000c\000h\000e\000r\000\040\000S\000t\000r\000u\000c\000t\000\040\000R\000e\000f\000e\000r\000e\000n\000c\000e}{chapter.5}% 167
\BOOKMARK [2][-]{subsection.5.81.1}{\376\377\0005\000.\0008\0001\000.\0001\000\040\000M\000e\000m\000b\000e\000r\000\040\000F\000u\000n\000c\000t\000i\000o\000n\000\040\000D\000o\000c\000u\000m\000e\000n\000t\000a\000t\000i\000o\000n}{section.5.81}% 168
\BOOKMARK [3][-]{subsubsection.5.81.1.1}{\376\377\0005\000.\0008\0001\000.\0001\000.\0001\000\040\000d\000e\000s\000c\000r\000i\000b\000e\000\050\000\051}{subsection.5.81.1}% 169
\BOOKMARK [1][-]{section.5.82}{\376\377\0005\000.\0008\0002\000\040\000C\000a\000t\000c\000h\000:\000:\000R\000e\000g\000i\000s\000t\000r\000a\000r\000F\000o\000r\000T\000a\000g\000A\000l\000i\000a\000s\000e\000s\000\040\000S\000t\000r\000u\000c\000t\000\040\000R\000e\000f\000e\000r\000e\000n\000c\000e}{chapter.5}% 170
\BOOKMARK [1][-]{section.5.83}{\376\377\0005\000.\0008\0003\000\040\000C\000a\000t\000c\000h\000:\000:\000G\000e\000n\000e\000r\000a\000t\000o\000r\000s\000:\000:\000R\000e\000p\000e\000a\000t\000G\000e\000n\000e\000r\000a\000t\000o\000r\000<\000\040\000T\000\040\000>\000\040\000C\000l\000a\000s\000s\000\040\000T\000e\000m\000p\000l\000a\000t\000e\000\040\000R\000e\000f\000e\000r\000e\000n\000c\000e}{chapter.5}% 171
\BOOKMARK [2][-]{subsection.5.83.1}{\376\377\0005\000.\0008\0003\000.\0001\000\040\000M\000e\000m\000b\000e\000r\000\040\000F\000u\000n\000c\000t\000i\000o\000n\000\040\000D\000o\000c\000u\000m\000e\000n\000t\000a\000t\000i\000o\000n}{section.5.83}% 172
\BOOKMARK [3][-]{subsubsection.5.83.1.1}{\376\377\0005\000.\0008\0003\000.\0001\000.\0001\000\040\000g\000e\000t\000\050\000\051}{subsection.5.83.1}% 173
\BOOKMARK [3][-]{subsubsection.5.83.1.2}{\376\377\0005\000.\0008\0003\000.\0001\000.\0002\000\040\000n\000e\000x\000t\000\050\000\051}{subsection.5.83.1}% 174
\BOOKMARK [1][-]{section.5.84}{\376\377\0005\000.\0008\0004\000\040\000C\000a\000t\000c\000h\000:\000:\000R\000e\000s\000u\000l\000t\000D\000i\000s\000p\000o\000s\000i\000t\000i\000o\000n\000\040\000S\000t\000r\000u\000c\000t\000\040\000R\000e\000f\000e\000r\000e\000n\000c\000e}{chapter.5}% 175
\BOOKMARK [1][-]{section.5.85}{\376\377\0005\000.\0008\0005\000\040\000C\000a\000t\000c\000h\000:\000:\000R\000e\000s\000u\000l\000t\000W\000a\000s\000\040\000S\000t\000r\000u\000c\000t\000\040\000R\000e\000f\000e\000r\000e\000n\000c\000e}{chapter.5}% 176
\BOOKMARK [1][-]{section.5.86}{\376\377\0005\000.\0008\0006\000\040\000C\000a\000t\000c\000h\000:\000:\000R\000e\000u\000s\000a\000b\000l\000e\000S\000t\000r\000i\000n\000g\000S\000t\000r\000e\000a\000m\000\040\000C\000l\000a\000s\000s\000\040\000R\000e\000f\000e\000r\000e\000n\000c\000e}{chapter.5}% 177
\BOOKMARK [1][-]{section.5.87}{\376\377\0005\000.\0008\0007\000\040\000C\000a\000t\000c\000h\000:\000:\000R\000u\000n\000T\000e\000s\000t\000s\000\040\000S\000t\000r\000u\000c\000t\000\040\000R\000e\000f\000e\000r\000e\000n\000c\000e}{chapter.5}% 178
\BOOKMARK [1][-]{section.5.88}{\376\377\0005\000.\0008\0008\000\040\000C\000a\000t\000c\000h\000:\000:\000S\000c\000o\000p\000e\000d\000M\000e\000s\000s\000a\000g\000e\000\040\000C\000l\000a\000s\000s\000\040\000R\000e\000f\000e\000r\000e\000n\000c\000e}{chapter.5}% 179
\BOOKMARK [1][-]{section.5.89}{\376\377\0005\000.\0008\0009\000\040\000C\000a\000t\000c\000h\000:\000:\000S\000e\000c\000t\000i\000o\000n\000\040\000C\000l\000a\000s\000s\000\040\000R\000e\000f\000e\000r\000e\000n\000c\000e}{chapter.5}% 180
\BOOKMARK [1][-]{section.5.90}{\376\377\0005\000.\0009\0000\000\040\000C\000a\000t\000c\000h\000:\000:\000S\000e\000c\000t\000i\000o\000n\000E\000n\000d\000I\000n\000f\000o\000\040\000S\000t\000r\000u\000c\000t\000\040\000R\000e\000f\000e\000r\000e\000n\000c\000e}{chapter.5}% 181
\BOOKMARK [1][-]{section.5.91}{\376\377\0005\000.\0009\0001\000\040\000C\000a\000t\000c\000h\000:\000:\000S\000e\000c\000t\000i\000o\000n\000I\000n\000f\000o\000\040\000S\000t\000r\000u\000c\000t\000\040\000R\000e\000f\000e\000r\000e\000n\000c\000e}{chapter.5}% 182
\BOOKMARK [1][-]{section.5.92}{\376\377\0005\000.\0009\0002\000\040\000C\000a\000t\000c\000h\000:\000:\000S\000h\000o\000w\000D\000u\000r\000a\000t\000i\000o\000n\000s\000\040\000S\000t\000r\000u\000c\000t\000\040\000R\000e\000f\000e\000r\000e\000n\000c\000e}{chapter.5}% 183
\BOOKMARK [1][-]{section.5.93}{\376\377\0005\000.\0009\0003\000\040\000C\000a\000t\000c\000h\000:\000:\000S\000i\000m\000p\000l\000e\000P\000c\000g\0003\0002\000\040\000C\000l\000a\000s\000s\000\040\000R\000e\000f\000e\000r\000e\000n\000c\000e}{chapter.5}% 184
\BOOKMARK [1][-]{section.5.94}{\376\377\0005\000.\0009\0004\000\040\000C\000a\000t\000c\000h\000:\000:\000G\000e\000n\000e\000r\000a\000t\000o\000r\000s\000:\000:\000S\000i\000n\000g\000l\000e\000V\000a\000l\000u\000e\000G\000e\000n\000e\000r\000a\000t\000o\000r\000<\000\040\000T\000\040\000>\000\040\000C\000l\000a\000s\000s\000\040\000T\000e\000m\000p\000l\000a\000t\000e\000\040\000R\000e\000f\000e\000r\000e\000n\000c\000e}{chapter.5}% 185
\BOOKMARK [2][-]{subsection.5.94.1}{\376\377\0005\000.\0009\0004\000.\0001\000\040\000M\000e\000m\000b\000e\000r\000\040\000F\000u\000n\000c\000t\000i\000o\000n\000\040\000D\000o\000c\000u\000m\000e\000n\000t\000a\000t\000i\000o\000n}{section.5.94}% 186
\BOOKMARK [3][-]{subsubsection.5.94.1.1}{\376\377\0005\000.\0009\0004\000.\0001\000.\0001\000\040\000g\000e\000t\000\050\000\051}{subsection.5.94.1}% 187
\BOOKMARK [3][-]{subsubsection.5.94.1.2}{\376\377\0005\000.\0009\0004\000.\0001\000.\0002\000\040\000n\000e\000x\000t\000\050\000\051}{subsection.5.94.1}% 188
\BOOKMARK [1][-]{section.5.95}{\376\377\0005\000.\0009\0005\000\040\000C\000a\000t\000c\000h\000:\000:\000S\000o\000u\000r\000c\000e\000L\000i\000n\000e\000I\000n\000f\000o\000\040\000S\000t\000r\000u\000c\000t\000\040\000R\000e\000f\000e\000r\000e\000n\000c\000e}{chapter.5}% 189
\BOOKMARK [1][-]{section.5.96}{\376\377\0005\000.\0009\0006\000\040\000C\000a\000t\000c\000h\000:\000:\000M\000a\000t\000c\000h\000e\000r\000s\000:\000:\000S\000t\000d\000S\000t\000r\000i\000n\000g\000:\000:\000S\000t\000a\000r\000t\000s\000W\000i\000t\000h\000M\000a\000t\000c\000h\000e\000r\000\040\000S\000t\000r\000u\000c\000t\000\040\000R\000e\000f\000e\000r\000e\000n\000c\000e}{chapter.5}% 190
\BOOKMARK [1][-]{section.5.97}{\376\377\0005\000.\0009\0007\000\040\000C\000a\000t\000c\000h\000:\000:\000S\000t\000r\000e\000a\000m\000E\000n\000d\000S\000t\000o\000p\000\040\000S\000t\000r\000u\000c\000t\000\040\000R\000e\000f\000e\000r\000e\000n\000c\000e}{chapter.5}% 191
\BOOKMARK [1][-]{section.5.98}{\376\377\0005\000.\0009\0008\000\040\000C\000a\000t\000c\000h\000:\000:\000S\000t\000r\000i\000n\000g\000M\000a\000k\000e\000r\000<\000\040\000T\000,\000\040\000t\000y\000p\000e\000n\000a\000m\000e\000\040\000>\000\040\000S\000t\000r\000u\000c\000t\000\040\000T\000e\000m\000p\000l\000a\000t\000e\000\040\000R\000e\000f\000e\000r\000e\000n\000c\000e}{chapter.5}% 192
\BOOKMARK [1][-]{section.5.99}{\376\377\0005\000.\0009\0009\000\040\000C\000a\000t\000c\000h\000:\000:\000S\000t\000r\000i\000n\000g\000M\000a\000k\000e\000r\000<\000\040\000b\000o\000o\000l\000\040\000>\000\040\000S\000t\000r\000u\000c\000t\000\040\000R\000e\000f\000e\000r\000e\000n\000c\000e}{chapter.5}% 193
\BOOKMARK [1][-]{section.5.100}{\376\377\0005\000.\0001\0000\0000\000\040\000C\000a\000t\000c\000h\000:\000:\000S\000t\000r\000i\000n\000g\000M\000a\000k\000e\000r\000<\000\040\000C\000a\000t\000c\000h\000:\000:\000D\000e\000t\000a\000i\000l\000:\000:\000A\000p\000p\000r\000o\000x\000\040\000>\000\040\000S\000t\000r\000u\000c\000t\000\040\000R\000e\000f\000e\000r\000e\000n\000c\000e}{chapter.5}% 194
\BOOKMARK [1][-]{section.5.101}{\376\377\0005\000.\0001\0000\0001\000\040\000C\000a\000t\000c\000h\000:\000:\000S\000t\000r\000i\000n\000g\000M\000a\000k\000e\000r\000<\000\040\000c\000h\000a\000r\000\040\000*\000\040\000>\000\040\000S\000t\000r\000u\000c\000t\000\040\000R\000e\000f\000e\000r\000e\000n\000c\000e}{chapter.5}% 195
\BOOKMARK [1][-]{section.5.102}{\376\377\0005\000.\0001\0000\0002\000\040\000C\000a\000t\000c\000h\000:\000:\000S\000t\000r\000i\000n\000g\000M\000a\000k\000e\000r\000<\000\040\000c\000h\000a\000r\000\040\000>\000\040\000S\000t\000r\000u\000c\000t\000\040\000R\000e\000f\000e\000r\000e\000n\000c\000e}{chapter.5}% 196
\BOOKMARK [1][-]{section.5.103}{\376\377\0005\000.\0001\0000\0003\000\040\000C\000a\000t\000c\000h\000:\000:\000S\000t\000r\000i\000n\000g\000M\000a\000k\000e\000r\000<\000\040\000c\000h\000a\000r\000\040\000c\000o\000n\000s\000t\000\040\000*\000\040\000>\000\040\000S\000t\000r\000u\000c\000t\000\040\000R\000e\000f\000e\000r\000e\000n\000c\000e}{chapter.5}% 197
\BOOKMARK [1][-]{section.5.104}{\376\377\0005\000.\0001\0000\0004\000\040\000C\000a\000t\000c\000h\000:\000:\000S\000t\000r\000i\000n\000g\000M\000a\000k\000e\000r\000<\000\040\000c\000h\000a\000r\000[\000S\000Z\000]\000>\000\040\000S\000t\000r\000u\000c\000t\000\040\000T\000e\000m\000p\000l\000a\000t\000e\000\040\000R\000e\000f\000e\000r\000e\000n\000c\000e}{chapter.5}% 198
\BOOKMARK [1][-]{section.5.105}{\376\377\0005\000.\0001\0000\0005\000\040\000C\000a\000t\000c\000h\000:\000:\000S\000t\000r\000i\000n\000g\000M\000a\000k\000e\000r\000<\000\040\000d\000o\000u\000b\000l\000e\000\040\000>\000\040\000S\000t\000r\000u\000c\000t\000\040\000R\000e\000f\000e\000r\000e\000n\000c\000e}{chapter.5}% 199
\BOOKMARK [1][-]{section.5.106}{\376\377\0005\000.\0001\0000\0006\000\040\000C\000a\000t\000c\000h\000:\000:\000S\000t\000r\000i\000n\000g\000M\000a\000k\000e\000r\000<\000\040\000f\000l\000o\000a\000t\000\040\000>\000\040\000S\000t\000r\000u\000c\000t\000\040\000R\000e\000f\000e\000r\000e\000n\000c\000e}{chapter.5}% 200
\BOOKMARK [1][-]{section.5.107}{\376\377\0005\000.\0001\0000\0007\000\040\000C\000a\000t\000c\000h\000:\000:\000S\000t\000r\000i\000n\000g\000M\000a\000k\000e\000r\000<\000\040\000i\000n\000t\000\040\000>\000\040\000S\000t\000r\000u\000c\000t\000\040\000R\000e\000f\000e\000r\000e\000n\000c\000e}{chapter.5}% 201
\BOOKMARK [1][-]{section.5.108}{\376\377\0005\000.\0001\0000\0008\000\040\000C\000a\000t\000c\000h\000:\000:\000S\000t\000r\000i\000n\000g\000M\000a\000k\000e\000r\000<\000\040\000l\000o\000n\000g\000\040\000>\000\040\000S\000t\000r\000u\000c\000t\000\040\000R\000e\000f\000e\000r\000e\000n\000c\000e}{chapter.5}% 202
\BOOKMARK [1][-]{section.5.109}{\376\377\0005\000.\0001\0000\0009\000\040\000C\000a\000t\000c\000h\000:\000:\000S\000t\000r\000i\000n\000g\000M\000a\000k\000e\000r\000<\000\040\000l\000o\000n\000g\000\040\000l\000o\000n\000g\000\040\000>\000\040\000S\000t\000r\000u\000c\000t\000\040\000R\000e\000f\000e\000r\000e\000n\000c\000e}{chapter.5}% 203
\BOOKMARK [1][-]{section.5.110}{\376\377\0005\000.\0001\0001\0000\000\040\000C\000a\000t\000c\000h\000:\000:\000S\000t\000r\000i\000n\000g\000M\000a\000k\000e\000r\000<\000\040\000R\000\040\000C\000:\000:\000*\000\040\000>\000\040\000S\000t\000r\000u\000c\000t\000\040\000T\000e\000m\000p\000l\000a\000t\000e\000\040\000R\000e\000f\000e\000r\000e\000n\000c\000e}{chapter.5}% 204
\BOOKMARK [1][-]{section.5.111}{\376\377\0005\000.\0001\0001\0001\000\040\000C\000a\000t\000c\000h\000:\000:\000S\000t\000r\000i\000n\000g\000M\000a\000k\000e\000r\000<\000\040\000R\000,\000\040\000t\000y\000p\000e\000n\000a\000m\000e\000\040\000s\000t\000d\000:\000:\000e\000n\000a\000b\000l\000e\000\137\000i\000f\000<\000\040\000i\000s\000\137\000r\000a\000n\000g\000e\000<\000\040\000R\000\040\000>\000:\000:\000v\000a\000l\000u\000e\000\040\000\046\000\046\000!\000:\000:\000C\000a\000t\000c\000h\000:\000:\000D\000e\000t\000a\000i\000l\000:\000:\000I\000s\000S\000t\000r\000e\000a\000m\000I\000n\000s\000e\000r\000t\000a\000b\000l\000e\000<\000\040\000R\000\040\000>\000:\000:\000v\000a\000l\000u\000e\000\040\000>\000:\000:\000t\000y\000p\000e\000\040\000>\000\040\000S\000t\000r\000u\000c\000t\000\040\000T\000e\000m\000p\000l\000a\000t\000e\000\040\000R\000e\000f\000e\000r\000e\000n\000c\000e}{chapter.5}% 205
\BOOKMARK [1][-]{section.5.112}{\376\377\0005\000.\0001\0001\0002\000\040\000C\000a\000t\000c\000h\000:\000:\000S\000t\000r\000i\000n\000g\000M\000a\000k\000e\000r\000<\000\040\000s\000i\000g\000n\000e\000d\000\040\000c\000h\000a\000r\000\040\000>\000\040\000S\000t\000r\000u\000c\000t\000\040\000R\000e\000f\000e\000r\000e\000n\000c\000e}{chapter.5}% 206
\BOOKMARK [1][-]{section.5.113}{\376\377\0005\000.\0001\0001\0003\000\040\000C\000a\000t\000c\000h\000:\000:\000S\000t\000r\000i\000n\000g\000M\000a\000k\000e\000r\000<\000\040\000s\000i\000g\000n\000e\000d\000\040\000c\000h\000a\000r\000[\000S\000Z\000]\000>\000\040\000S\000t\000r\000u\000c\000t\000\040\000T\000e\000m\000p\000l\000a\000t\000e\000\040\000R\000e\000f\000e\000r\000e\000n\000c\000e}{chapter.5}% 207
\BOOKMARK [1][-]{section.5.114}{\376\377\0005\000.\0001\0001\0004\000\040\000C\000a\000t\000c\000h\000:\000:\000S\000t\000r\000i\000n\000g\000M\000a\000k\000e\000r\000<\000\040\000s\000t\000d\000:\000:\000n\000u\000l\000l\000p\000t\000r\000\137\000t\000\040\000>\000\040\000S\000t\000r\000u\000c\000t\000\040\000R\000e\000f\000e\000r\000e\000n\000c\000e}{chapter.5}% 208
\BOOKMARK [1][-]{section.5.115}{\376\377\0005\000.\0001\0001\0005\000\040\000C\000a\000t\000c\000h\000:\000:\000S\000t\000r\000i\000n\000g\000M\000a\000k\000e\000r\000<\000\040\000s\000t\000d\000:\000:\000s\000t\000r\000i\000n\000g\000\040\000>\000\040\000S\000t\000r\000u\000c\000t\000\040\000R\000e\000f\000e\000r\000e\000n\000c\000e}{chapter.5}% 209
\BOOKMARK [1][-]{section.5.116}{\376\377\0005\000.\0001\0001\0006\000\040\000C\000a\000t\000c\000h\000:\000:\000S\000t\000r\000i\000n\000g\000M\000a\000k\000e\000r\000<\000\040\000s\000t\000d\000:\000:\000w\000s\000t\000r\000i\000n\000g\000\040\000>\000\040\000S\000t\000r\000u\000c\000t\000\040\000R\000e\000f\000e\000r\000e\000n\000c\000e}{chapter.5}% 210
\BOOKMARK [1][-]{section.5.117}{\376\377\0005\000.\0001\0001\0007\000\040\000C\000a\000t\000c\000h\000:\000:\000S\000t\000r\000i\000n\000g\000M\000a\000k\000e\000r\000<\000\040\000T\000\040\000*\000\040\000>\000\040\000S\000t\000r\000u\000c\000t\000\040\000T\000e\000m\000p\000l\000a\000t\000e\000\040\000R\000e\000f\000e\000r\000e\000n\000c\000e}{chapter.5}% 211
\BOOKMARK [1][-]{section.5.118}{\376\377\0005\000.\0001\0001\0008\000\040\000C\000a\000t\000c\000h\000:\000:\000S\000t\000r\000i\000n\000g\000M\000a\000k\000e\000r\000<\000\040\000T\000[\000S\000Z\000]\000>\000\040\000S\000t\000r\000u\000c\000t\000\040\000T\000e\000m\000p\000l\000a\000t\000e\000\040\000R\000e\000f\000e\000r\000e\000n\000c\000e}{chapter.5}% 212
\BOOKMARK [1][-]{section.5.119}{\376\377\0005\000.\0001\0001\0009\000\040\000C\000a\000t\000c\000h\000:\000:\000S\000t\000r\000i\000n\000g\000M\000a\000k\000e\000r\000<\000\040\000u\000n\000s\000i\000g\000n\000e\000d\000\040\000c\000h\000a\000r\000\040\000>\000\040\000S\000t\000r\000u\000c\000t\000\040\000R\000e\000f\000e\000r\000e\000n\000c\000e}{chapter.5}% 213
\BOOKMARK [1][-]{section.5.120}{\376\377\0005\000.\0001\0002\0000\000\040\000C\000a\000t\000c\000h\000:\000:\000S\000t\000r\000i\000n\000g\000M\000a\000k\000e\000r\000<\000\040\000u\000n\000s\000i\000g\000n\000e\000d\000\040\000c\000h\000a\000r\000[\000S\000Z\000]\000>\000\040\000S\000t\000r\000u\000c\000t\000\040\000T\000e\000m\000p\000l\000a\000t\000e\000\040\000R\000e\000f\000e\000r\000e\000n\000c\000e}{chapter.5}% 214
\BOOKMARK [1][-]{section.5.121}{\376\377\0005\000.\0001\0002\0001\000\040\000C\000a\000t\000c\000h\000:\000:\000S\000t\000r\000i\000n\000g\000M\000a\000k\000e\000r\000<\000\040\000u\000n\000s\000i\000g\000n\000e\000d\000\040\000i\000n\000t\000\040\000>\000\040\000S\000t\000r\000u\000c\000t\000\040\000R\000e\000f\000e\000r\000e\000n\000c\000e}{chapter.5}% 215
\BOOKMARK [1][-]{section.5.122}{\376\377\0005\000.\0001\0002\0002\000\040\000C\000a\000t\000c\000h\000:\000:\000S\000t\000r\000i\000n\000g\000M\000a\000k\000e\000r\000<\000\040\000u\000n\000s\000i\000g\000n\000e\000d\000\040\000l\000o\000n\000g\000\040\000>\000\040\000S\000t\000r\000u\000c\000t\000\040\000R\000e\000f\000e\000r\000e\000n\000c\000e}{chapter.5}% 216
\BOOKMARK [1][-]{section.5.123}{\376\377\0005\000.\0001\0002\0003\000\040\000C\000a\000t\000c\000h\000:\000:\000S\000t\000r\000i\000n\000g\000M\000a\000k\000e\000r\000<\000\040\000u\000n\000s\000i\000g\000n\000e\000d\000\040\000l\000o\000n\000g\000\040\000l\000o\000n\000g\000\040\000>\000\040\000S\000t\000r\000u\000c\000t\000\040\000R\000e\000f\000e\000r\000e\000n\000c\000e}{chapter.5}% 217
\BOOKMARK [1][-]{section.5.124}{\376\377\0005\000.\0001\0002\0004\000\040\000C\000a\000t\000c\000h\000:\000:\000S\000t\000r\000i\000n\000g\000M\000a\000k\000e\000r\000<\000\040\000w\000c\000h\000a\000r\000\137\000t\000\040\000*\000\040\000>\000\040\000S\000t\000r\000u\000c\000t\000\040\000R\000e\000f\000e\000r\000e\000n\000c\000e}{chapter.5}% 218
\BOOKMARK [1][-]{section.5.125}{\376\377\0005\000.\0001\0002\0005\000\040\000C\000a\000t\000c\000h\000:\000:\000S\000t\000r\000i\000n\000g\000M\000a\000k\000e\000r\000<\000\040\000w\000c\000h\000a\000r\000\137\000t\000\040\000c\000o\000n\000s\000t\000\040\000*\000\040\000>\000\040\000S\000t\000r\000u\000c\000t\000\040\000R\000e\000f\000e\000r\000e\000n\000c\000e}{chapter.5}% 219
\BOOKMARK [1][-]{section.5.126}{\376\377\0005\000.\0001\0002\0006\000\040\000C\000a\000t\000c\000h\000:\000:\000M\000a\000t\000c\000h\000e\000r\000s\000:\000:\000S\000t\000d\000S\000t\000r\000i\000n\000g\000:\000:\000S\000t\000r\000i\000n\000g\000M\000a\000t\000c\000h\000e\000r\000B\000a\000s\000e\000\040\000S\000t\000r\000u\000c\000t\000\040\000R\000e\000f\000e\000r\000e\000n\000c\000e}{chapter.5}% 220
\BOOKMARK [2][-]{subsection.5.126.1}{\376\377\0005\000.\0001\0002\0006\000.\0001\000\040\000M\000e\000m\000b\000e\000r\000\040\000F\000u\000n\000c\000t\000i\000o\000n\000\040\000D\000o\000c\000u\000m\000e\000n\000t\000a\000t\000i\000o\000n}{section.5.126}% 221
\BOOKMARK [3][-]{subsubsection.5.126.1.1}{\376\377\0005\000.\0001\0002\0006\000.\0001\000.\0001\000\040\000d\000e\000s\000c\000r\000i\000b\000e\000\050\000\051}{subsection.5.126.1}% 222
\BOOKMARK [1][-]{section.5.127}{\376\377\0005\000.\0001\0002\0007\000\040\000C\000a\000t\000c\000h\000:\000:\000S\000t\000r\000i\000n\000g\000R\000e\000f\000\040\000C\000l\000a\000s\000s\000\040\000R\000e\000f\000e\000r\000e\000n\000c\000e}{chapter.5}% 223
\BOOKMARK [2][-]{subsection.5.127.1}{\376\377\0005\000.\0001\0002\0007\000.\0001\000\040\000D\000e\000t\000a\000i\000l\000e\000d\000\040\000D\000e\000s\000c\000r\000i\000p\000t\000i\000o\000n}{section.5.127}% 224
\BOOKMARK [1][-]{section.5.128}{\376\377\0005\000.\0001\0002\0008\000\040\000C\000a\000t\000c\000h\000:\000:\000G\000e\000n\000e\000r\000a\000t\000o\000r\000s\000:\000:\000T\000a\000k\000e\000G\000e\000n\000e\000r\000a\000t\000o\000r\000<\000\040\000T\000\040\000>\000\040\000C\000l\000a\000s\000s\000\040\000T\000e\000m\000p\000l\000a\000t\000e\000\040\000R\000e\000f\000e\000r\000e\000n\000c\000e}{chapter.5}% 225
\BOOKMARK [2][-]{subsection.5.128.1}{\376\377\0005\000.\0001\0002\0008\000.\0001\000\040\000M\000e\000m\000b\000e\000r\000\040\000F\000u\000n\000c\000t\000i\000o\000n\000\040\000D\000o\000c\000u\000m\000e\000n\000t\000a\000t\000i\000o\000n}{section.5.128}% 226
\BOOKMARK [3][-]{subsubsection.5.128.1.1}{\376\377\0005\000.\0001\0002\0008\000.\0001\000.\0001\000\040\000g\000e\000t\000\050\000\051}{subsection.5.128.1}% 227
\BOOKMARK [3][-]{subsubsection.5.128.1.2}{\376\377\0005\000.\0001\0002\0008\000.\0001\000.\0002\000\040\000n\000e\000x\000t\000\050\000\051}{subsection.5.128.1}% 228
\BOOKMARK [1][-]{section.5.129}{\376\377\0005\000.\0001\0002\0009\000\040\000C\000a\000t\000c\000h\000:\000:\000T\000e\000s\000t\000C\000a\000s\000e\000\040\000C\000l\000a\000s\000s\000\040\000R\000e\000f\000e\000r\000e\000n\000c\000e}{chapter.5}% 229
\BOOKMARK [1][-]{section.5.130}{\376\377\0005\000.\0001\0003\0000\000\040\000C\000a\000t\000c\000h\000:\000:\000T\000e\000s\000t\000C\000a\000s\000e\000I\000n\000f\000o\000\040\000S\000t\000r\000u\000c\000t\000\040\000R\000e\000f\000e\000r\000e\000n\000c\000e}{chapter.5}% 230
\BOOKMARK [1][-]{section.5.131}{\376\377\0005\000.\0001\0003\0001\000\040\000C\000a\000t\000c\000h\000:\000:\000T\000e\000s\000t\000F\000a\000i\000l\000u\000r\000e\000E\000x\000c\000e\000p\000t\000i\000o\000n\000\040\000S\000t\000r\000u\000c\000t\000\040\000R\000e\000f\000e\000r\000e\000n\000c\000e}{chapter.5}% 231
\BOOKMARK [1][-]{section.5.132}{\376\377\0005\000.\0001\0003\0002\000\040\000C\000a\000t\000c\000h\000:\000:\000T\000e\000s\000t\000I\000n\000v\000o\000k\000e\000r\000A\000s\000M\000e\000t\000h\000o\000d\000<\000\040\000C\000\040\000>\000\040\000C\000l\000a\000s\000s\000\040\000T\000e\000m\000p\000l\000a\000t\000e\000\040\000R\000e\000f\000e\000r\000e\000n\000c\000e}{chapter.5}% 232
\BOOKMARK [2][-]{subsection.5.132.1}{\376\377\0005\000.\0001\0003\0002\000.\0001\000\040\000M\000e\000m\000b\000e\000r\000\040\000F\000u\000n\000c\000t\000i\000o\000n\000\040\000D\000o\000c\000u\000m\000e\000n\000t\000a\000t\000i\000o\000n}{section.5.132}% 233
\BOOKMARK [3][-]{subsubsection.5.132.1.1}{\376\377\0005\000.\0001\0003\0002\000.\0001\000.\0001\000\040\000i\000n\000v\000o\000k\000e\000\050\000\051}{subsection.5.132.1}% 234
\BOOKMARK [1][-]{section.5.133}{\376\377\0005\000.\0001\0003\0003\000\040\000C\000a\000t\000c\000h\000:\000:\000T\000i\000m\000e\000r\000\040\000C\000l\000a\000s\000s\000\040\000R\000e\000f\000e\000r\000e\000n\000c\000e}{chapter.5}% 235
\BOOKMARK [1][-]{section.5.134}{\376\377\0005\000.\0001\0003\0004\000\040\000C\000a\000t\000c\000h\000:\000:\000T\000o\000t\000a\000l\000s\000\040\000S\000t\000r\000u\000c\000t\000\040\000R\000e\000f\000e\000r\000e\000n\000c\000e}{chapter.5}% 236
\BOOKMARK [1][-]{section.5.135}{\376\377\0005\000.\0001\0003\0005\000\040\000C\000a\000t\000c\000h\000:\000:\000t\000r\000u\000e\000\137\000g\000i\000v\000e\000n\000<\000\040\000t\000y\000p\000e\000n\000a\000m\000e\000\040\000>\000\040\000S\000t\000r\000u\000c\000t\000\040\000T\000e\000m\000p\000l\000a\000t\000e\000\040\000R\000e\000f\000e\000r\000e\000n\000c\000e}{chapter.5}% 237
\BOOKMARK [1][-]{section.5.136}{\376\377\0005\000.\0001\0003\0006\000\040\000C\000a\000t\000c\000h\000:\000:\000U\000n\000a\000r\000y\000E\000x\000p\000r\000<\000\040\000L\000h\000s\000T\000\040\000>\000\040\000C\000l\000a\000s\000s\000\040\000T\000e\000m\000p\000l\000a\000t\000e\000\040\000R\000e\000f\000e\000r\000e\000n\000c\000e}{chapter.5}% 238
\BOOKMARK [1][-]{section.5.137}{\376\377\0005\000.\0001\0003\0007\000\040\000C\000a\000t\000c\000h\000:\000:\000M\000a\000t\000c\000h\000e\000r\000s\000:\000:\000V\000e\000c\000t\000o\000r\000:\000:\000U\000n\000o\000r\000d\000e\000r\000e\000d\000E\000q\000u\000a\000l\000s\000M\000a\000t\000c\000h\000e\000r\000<\000\040\000T\000,\000\040\000A\000l\000l\000o\000c\000C\000o\000m\000p\000,\000\040\000A\000l\000l\000o\000c\000M\000a\000t\000c\000h\000\040\000>\000\040\000S\000t\000r\000u\000c\000t\000\040\000T\000e\000m\000p\000l\000a\000t\000e\000\040\000R\000e\000f\000e\000r\000e\000n\000c\000e}{chapter.5}% 239
\BOOKMARK [2][-]{subsection.5.137.1}{\376\377\0005\000.\0001\0003\0007\000.\0001\000\040\000M\000e\000m\000b\000e\000r\000\040\000F\000u\000n\000c\000t\000i\000o\000n\000\040\000D\000o\000c\000u\000m\000e\000n\000t\000a\000t\000i\000o\000n}{section.5.137}% 240
\BOOKMARK [3][-]{subsubsection.5.137.1.1}{\376\377\0005\000.\0001\0003\0007\000.\0001\000.\0001\000\040\000d\000e\000s\000c\000r\000i\000b\000e\000\050\000\051}{subsection.5.137.1}% 241
\BOOKMARK [1][-]{section.5.138}{\376\377\0005\000.\0001\0003\0008\000\040\000C\000a\000t\000c\000h\000:\000:\000U\000s\000e\000C\000o\000l\000o\000u\000r\000\040\000S\000t\000r\000u\000c\000t\000\040\000R\000e\000f\000e\000r\000e\000n\000c\000e}{chapter.5}% 242
\BOOKMARK [1][-]{section.5.139}{\376\377\0005\000.\0001\0003\0009\000\040\000V\000a\000r\000\040\000C\000l\000a\000s\000s\000\040\000R\000e\000f\000e\000r\000e\000n\000c\000e}{chapter.5}% 243
\BOOKMARK [2][-]{subsection.5.139.1}{\376\377\0005\000.\0001\0003\0009\000.\0001\000\040\000C\000o\000n\000s\000t\000r\000u\000c\000t\000o\000r\000\040\000\046\000\040\000D\000e\000s\000t\000r\000u\000c\000t\000o\000r\000\040\000D\000o\000c\000u\000m\000e\000n\000t\000a\000t\000i\000o\000n}{section.5.139}% 244
\BOOKMARK [3][-]{subsubsection.5.139.1.1}{\376\377\0005\000.\0001\0003\0009\000.\0001\000.\0001\000\040\000V\000a\000r\000\050\000\051}{subsection.5.139.1}% 245
\BOOKMARK [2][-]{subsection.5.139.2}{\376\377\0005\000.\0001\0003\0009\000.\0002\000\040\000M\000e\000m\000b\000e\000r\000\040\000F\000u\000n\000c\000t\000i\000o\000n\000\040\000D\000o\000c\000u\000m\000e\000n\000t\000a\000t\000i\000o\000n}{section.5.139}% 246
\BOOKMARK [3][-]{subsubsection.5.139.2.1}{\376\377\0005\000.\0001\0003\0009\000.\0002\000.\0001\000\040\000e\000q\000u\000a\000l\000s\000\050\000\051}{subsection.5.139.2}% 247
\BOOKMARK [3][-]{subsubsection.5.139.2.2}{\376\377\0005\000.\0001\0003\0009\000.\0002\000.\0002\000\040\000h\000a\000s\000\137\000v\000a\000r\000i\000a\000b\000l\000e\000\050\000\051}{subsection.5.139.2}% 248
\BOOKMARK [3][-]{subsubsection.5.139.2.3}{\376\377\0005\000.\0001\0003\0009\000.\0002\000.\0003\000\040\000i\000n\000t\000e\000r\000p\000\050\000\051}{subsection.5.139.2}% 249
\BOOKMARK [3][-]{subsubsection.5.139.2.4}{\376\377\0005\000.\0001\0003\0009\000.\0002\000.\0004\000\040\000p\000r\000e\000t\000t\000y\000\137\000p\000r\000i\000n\000t\000\050\000\051}{subsection.5.139.2}% 250
\BOOKMARK [3][-]{subsubsection.5.139.2.5}{\376\377\0005\000.\0001\0003\0009\000.\0002\000.\0005\000\040\000p\000r\000e\000t\000t\000y\000\137\000p\000r\000i\000n\000t\000\137\000d\000r\000\050\000\051}{subsection.5.139.2}% 251
\BOOKMARK [3][-]{subsubsection.5.139.2.6}{\376\377\0005\000.\0001\0003\0009\000.\0002\000.\0006\000\040\000p\000r\000i\000n\000t\000\050\000\051}{subsection.5.139.2}% 252
\BOOKMARK [3][-]{subsubsection.5.139.2.7}{\376\377\0005\000.\0001\0003\0009\000.\0002\000.\0007\000\040\000s\000u\000b\000s\000t\000\050\000\051}{subsection.5.139.2}% 253
\BOOKMARK [1][-]{section.5.140}{\376\377\0005\000.\0001\0004\0000\000\040\000C\000a\000t\000c\000h\000:\000:\000d\000e\000t\000a\000i\000l\000:\000:\000v\000o\000i\000d\000\137\000t\000y\000p\000e\000<\000.\000.\000.\000\040\000>\000\040\000S\000t\000r\000u\000c\000t\000\040\000T\000e\000m\000p\000l\000a\000t\000e\000\040\000R\000e\000f\000e\000r\000e\000n\000c\000e}{chapter.5}% 254
\BOOKMARK [1][-]{section.5.141}{\376\377\0005\000.\0001\0004\0001\000\040\000C\000a\000t\000c\000h\000:\000:\000W\000a\000i\000t\000F\000o\000r\000K\000e\000y\000p\000r\000e\000s\000s\000\040\000S\000t\000r\000u\000c\000t\000\040\000R\000e\000f\000e\000r\000e\000n\000c\000e}{chapter.5}% 255
\BOOKMARK [1][-]{section.5.142}{\376\377\0005\000.\0001\0004\0002\000\040\000C\000a\000t\000c\000h\000:\000:\000W\000a\000r\000n\000A\000b\000o\000u\000t\000\040\000S\000t\000r\000u\000c\000t\000\040\000R\000e\000f\000e\000r\000e\000n\000c\000e}{chapter.5}% 256
\BOOKMARK [1][-]{section.5.143}{\376\377\0005\000.\0001\0004\0003\000\040\000C\000a\000t\000c\000h\000:\000:\000M\000a\000t\000c\000h\000e\000r\000s\000:\000:\000F\000l\000o\000a\000t\000i\000n\000g\000:\000:\000W\000i\000t\000h\000i\000n\000A\000b\000s\000M\000a\000t\000c\000h\000e\000r\000\040\000S\000t\000r\000u\000c\000t\000\040\000R\000e\000f\000e\000r\000e\000n\000c\000e}{chapter.5}% 257
\BOOKMARK [2][-]{subsection.5.143.1}{\376\377\0005\000.\0001\0004\0003\000.\0001\000\040\000M\000e\000m\000b\000e\000r\000\040\000F\000u\000n\000c\000t\000i\000o\000n\000\040\000D\000o\000c\000u\000m\000e\000n\000t\000a\000t\000i\000o\000n}{section.5.143}% 258
\BOOKMARK [3][-]{subsubsection.5.143.1.1}{\376\377\0005\000.\0001\0004\0003\000.\0001\000.\0001\000\040\000d\000e\000s\000c\000r\000i\000b\000e\000\050\000\051}{subsection.5.143.1}% 259
\BOOKMARK [1][-]{section.5.144}{\376\377\0005\000.\0001\0004\0004\000\040\000C\000a\000t\000c\000h\000:\000:\000M\000a\000t\000c\000h\000e\000r\000s\000:\000:\000F\000l\000o\000a\000t\000i\000n\000g\000:\000:\000W\000i\000t\000h\000i\000n\000R\000e\000l\000M\000a\000t\000c\000h\000e\000r\000\040\000S\000t\000r\000u\000c\000t\000\040\000R\000e\000f\000e\000r\000e\000n\000c\000e}{chapter.5}% 260
\BOOKMARK [2][-]{subsection.5.144.1}{\376\377\0005\000.\0001\0004\0004\000.\0001\000\040\000M\000e\000m\000b\000e\000r\000\040\000F\000u\000n\000c\000t\000i\000o\000n\000\040\000D\000o\000c\000u\000m\000e\000n\000t\000a\000t\000i\000o\000n}{section.5.144}% 261
\BOOKMARK [3][-]{subsubsection.5.144.1.1}{\376\377\0005\000.\0001\0004\0004\000.\0001\000.\0001\000\040\000d\000e\000s\000c\000r\000i\000b\000e\000\050\000\051}{subsection.5.144.1}% 262
\BOOKMARK [1][-]{section.5.145}{\376\377\0005\000.\0001\0004\0005\000\040\000C\000a\000t\000c\000h\000:\000:\000M\000a\000t\000c\000h\000e\000r\000s\000:\000:\000F\000l\000o\000a\000t\000i\000n\000g\000:\000:\000W\000i\000t\000h\000i\000n\000U\000l\000p\000s\000M\000a\000t\000c\000h\000e\000r\000\040\000S\000t\000r\000u\000c\000t\000\040\000R\000e\000f\000e\000r\000e\000n\000c\000e}{chapter.5}% 263
\BOOKMARK [2][-]{subsection.5.145.1}{\376\377\0005\000.\0001\0004\0005\000.\0001\000\040\000M\000e\000m\000b\000e\000r\000\040\000F\000u\000n\000c\000t\000i\000o\000n\000\040\000D\000o\000c\000u\000m\000e\000n\000t\000a\000t\000i\000o\000n}{section.5.145}% 264
\BOOKMARK [3][-]{subsubsection.5.145.1.1}{\376\377\0005\000.\0001\0004\0005\000.\0001\000.\0001\000\040\000d\000e\000s\000c\000r\000i\000b\000e\000\050\000\051}{subsection.5.145.1}% 265
\BOOKMARK [0][-]{chapter.6}{\376\377\0006\000\040\000F\000i\000l\000e\000\040\000D\000o\000c\000u\000m\000e\000n\000t\000a\000t\000i\000o\000n}{}% 266
\BOOKMARK [1][-]{section.6.1}{\376\377\0006\000.\0001\000\040\000/\000U\000s\000e\000r\000s\000/\000t\000a\000i\000l\000a\000n\000g\000c\000a\000o\000/\000m\000y\000G\000i\000t\000h\000u\000b\000R\000e\000p\000o\000/\000C\000S\0006\0000\0001\0005\000/\000A\000s\000s\000i\000g\000n\000m\000e\000n\000t\000/\000A\000s\000s\000i\000g\000n\000m\000e\000n\000t\000\040\0004\000/\000c\000a\000t\000c\000h\000.\000h\000p\000p}{chapter.6}% 267
\BOOKMARK [1][-]{section.6.2}{\376\377\0006\000.\0002\000\040\000/\000U\000s\000e\000r\000s\000/\000t\000a\000i\000l\000a\000n\000g\000c\000a\000o\000/\000m\000y\000G\000i\000t\000h\000u\000b\000R\000e\000p\000o\000/\000C\000S\0006\0000\0001\0005\000/\000A\000s\000s\000i\000g\000n\000m\000e\000n\000t\000/\000A\000s\000s\000i\000g\000n\000m\000e\000n\000t\000\040\0004\000/\000c\000m\000d\000l\000i\000n\000e\000.\000h}{chapter.6}% 268
\BOOKMARK [1][-]{section.6.3}{\376\377\0006\000.\0003\000\040\000/\000U\000s\000e\000r\000s\000/\000t\000a\000i\000l\000a\000n\000g\000c\000a\000o\000/\000m\000y\000G\000i\000t\000h\000u\000b\000R\000e\000p\000o\000/\000C\000S\0006\0000\0001\0005\000/\000A\000s\000s\000i\000g\000n\000m\000e\000n\000t\000/\000A\000s\000s\000i\000g\000n\000m\000e\000n\000t\000\040\0004\000/\000E\000x\000p\000r\000.\000h}{chapter.6}% 269
\BOOKMARK [0][-]{section*.393}{\376\377\000I\000n\000d\000e\000x}{}% 270
